<?xml version="1.0" encoding="utf-8"?><testsuites name="pytest tests"><testsuite name="pytest" errors="0" failures="129" skipped="0" tests="1013" time="315.548" timestamp="2026-04-02T22:34:53.537387+08:00" hostname="DESKTOP-Fei"><testcase classname="tests.unit.test_audit_logger.TestSanitization" name="test_sanitize_password" time="0.001" /><testcase classname="tests.unit.test_audit_logger.TestSanitization" name="test_sanitize_api_key" time="0.001" /><testcase classname="tests.unit.test_audit_logger.TestSanitization" name="test_sanitize_token" time="0.000" /><testcase classname="tests.unit.test_audit_logger.TestSanitization" name="test_sanitize_credit_card" time="0.000" /><testcase classname="tests.unit.test_audit_logger.TestSanitization" name="test_sanitize_truncates_long_values" time="0.000" /><testcase classname="tests.unit.test_audit_logger.TestSanitization" name="test_sanitize_no_change_safe_data" time="0.000" /><testcase classname="tests.unit.test_audit_logger.TestBuffering" name="test_log_adds_to_buffer" time="0.001" /><testcase classname="tests.unit.test_audit_logger.TestBuffering" name="test_log_string_action" time="0.001" /><testcase classname="tests.unit.test_audit_logger.TestAuditEntry" name="test_entry_to_dict" time="0.000" /><testcase classname="tests.unit.test_audit_logger.TestQueryLogs" name="test_query_empty" time="1.427" /><testcase classname="tests.unit.test_auth.TestGetCurrentUserId" name="test_missing_authorization_header" time="0.001" /><testcase classname="tests.unit.test_auth.TestGetCurrentUserId" name="test_test_prefix_blocked" time="0.001" /><testcase classname="tests.unit.test_auth.TestGetCurrentUserId" name="test_invalid_format_not_bearer" time="0.001" /><testcase classname="tests.unit.test_auth.TestGetCurrentUserId" name="test_valid_hs256_token" time="0.002" /><testcase classname="tests.unit.test_auth.TestGetCurrentUserId" name="test_expired_token_rejected" time="0.002" /><testcase classname="tests.unit.test_auth.TestGetCurrentUserId" name="test_wrong_secret_rejected" time="0.002" /><testcase classname="tests.unit.test_auth.TestGetCurrentUserId" name="test_api_key_auth_passthrough" time="0.001" /><testcase classname="tests.unit.test_auth.TestGetCurrentUserId" name="test_none_algorithm_rejected" time="0.002" /><testcase classname="tests.unit.test_auth.TestAlgorithmWhitelist" name="test_allowed_algorithms_fixed" time="0.000" /><testcase classname="tests.unit.test_content_moderation.TestPIIDetection" name="test_detects_chinese_phone_number" time="0.004" /><testcase classname="tests.unit.test_content_moderation.TestPIIDetection" name="test_ignores_non_phone_numbers" time="0.000" /><testcase classname="tests.unit.test_content_moderation.TestPIIDetection" name="test_detects_id_card_number" time="0.000" /><testcase classname="tests.unit.test_content_moderation.TestPIIDetection" name="test_detects_email_address" time="0.000" /><testcase classname="tests.unit.test_content_moderation.TestPIIDetection" name="test_detects_bank_card_number" time="0.001" /><testcase classname="tests.unit.test_content_moderation.TestPIIDetection" name="test_detects_credential_leak" time="0.000" /><testcase classname="tests.unit.test_content_moderation.TestPIIDetection" name="test_detects_private_key" time="0.000" /><testcase classname="tests.unit.test_content_moderation.TestPIIDetection" name="test_clean_text_passes" time="0.000" /><testcase classname="tests.unit.test_content_moderation.TestOutputSanitization" name="test_sanitizes_phone_numbers" time="0.000" /><testcase classname="tests.unit.test_content_moderation.TestOutputSanitization" name="test_sanitizes_id_card" time="0.000" /><testcase classname="tests.unit.test_content_moderation.TestOutputSanitization" name="test_sanitizes_credentials" time="0.000" /><testcase classname="tests.unit.test_content_moderation.TestOutputSanitization" name="test_preserves_clean_content" time="0.000" /><testcase classname="tests.unit.test_content_moderation.TestPIIMasking" name="test_masks_phone_in_storage" time="0.000" /><testcase classname="tests.unit.test_content_moderation.TestPIIMasking" name="test_masks_email_in_storage" time="0.000" /><testcase classname="tests.unit.test_content_moderation.TestPromptInjection" name="test_detects_chinese_ignore_instruction" time="0.000" /><testcase classname="tests.unit.test_content_moderation.TestPromptInjection" name="test_detects_system_prompt_extraction" time="0.000" /><testcase classname="tests.unit.test_content_moderation.TestPromptInjection" name="test_detects_role_hijacking" time="0.000" /><testcase classname="tests.unit.test_content_moderation.TestPromptInjection" name="test_detects_english_injection" time="0.000" /><testcase classname="tests.unit.test_content_moderation.TestPromptInjection" name="test_allows_normal_questions" time="0.000" /><testcase classname="tests.unit.test_content_moderation.TestPromptInjection" name="test_allows_normal_english" time="0.000" /><testcase classname="tests.unit.test_content_moderation.TestConvenienceFunctions" name="test_scan_content_returns_tuple" time="0.000" /><testcase classname="tests.unit.test_content_moderation.TestConvenienceFunctions" name="test_sanitize_output_returns_string" time="0.000" /><testcase classname="tests.unit.test_content_moderation.TestConvenienceFunctions" name="test_check_user_input_returns_tuple" time="0.000" /><testcase classname="tests.unit.test_content_moderation.TestConvenienceFunctions" name="test_scan_empty_content" time="0.000" /><testcase classname="tests.unit.test_llm_gateway.TestPickHealthyModel" name="test_primary_healthy_returns_primary" time="0.010" /><testcase classname="tests.unit.test_llm_gateway.TestPickHealthyModel" name="test_primary_unhealthy_returns_backup" time="0.001" /><testcase classname="tests.unit.test_llm_gateway.TestPickHealthyModel" name="test_both_unhealthy_returns_primary_as_fallback" time="0.001" /><testcase classname="tests.unit.test_llm_gateway.TestPickHealthyModel" name="test_prefers_primary_model_code_over_id" time="0.000" /><testcase classname="tests.unit.test_llm_gateway.TestPickHealthyModel" name="test_empty_model_code_with_model_id_returns_none" time="0.000" /><testcase classname="tests.unit.test_llm_gateway.TestPickHealthyModel" name="test_no_models_returns_none" time="0.000" /><testcase classname="tests.unit.test_llm_gateway.TestModelConfigCaching" name="test_cache_hit_avoids_db_call" time="0.001" /><testcase classname="tests.unit.test_llm_gateway.TestModelConfigCaching" name="test_cache_expired_triggers_db_call" time="0.001" /><testcase classname="tests.unit.test_llm_gateway.TestModelConfigCaching" name="test_cache_ttl_defaults_to_300s" time="0.001" /><testcase classname="tests.unit.test_llm_gateway.TestResolveModelPriority" name="test_resolve_no_db_returns_none" time="0.001" /><testcase classname="tests.unit.test_llm_gateway.TestResolveModelPriority" name="test_resolve_cache_hit" time="0.001" /><testcase classname="tests.unit.test_llm_gateway.TestErrorResponse" name="test_error_response_format" time="0.000" /><testcase classname="tests.unit.test_llm_gateway.TestErrorResponse" name="test_error_response_zero_tokens" time="0.000" /><testcase classname="tests.unit.test_llm_gateway.TestFillModelCodes" name="test_fills_primary_code_from_id" time="0.002" /><testcase classname="tests.unit.test_llm_gateway.TestFillModelCodes" name="test_skips_when_code_already_present" time="0.001" /><testcase classname="tests.unit.test_llm_gateway.TestFillModelCodes" name="test_handles_db_not_found" time="0.001" /><testcase classname="tests.unit.test_llm_gateway.TestCacheInvalidation" name="test_invalidate_specific_org" time="0.000" /><testcase classname="tests.unit.test_llm_gateway.TestCacheInvalidation" name="test_invalidate_all_orgs" time="0.000" /><testcase classname="tests.unit.test_loop_detector.TestToolCallFingerprint" name="test_empty_list" time="0.000" /><testcase classname="tests.unit.test_loop_detector.TestToolCallFingerprint" name="test_deterministic" time="0.000" /><testcase classname="tests.unit.test_loop_detector.TestToolCallFingerprint" name="test_different_args_different_fingerprint" time="0.000" /><testcase classname="tests.unit.test_loop_detector.TestToolCallFingerprint" name="test_sorted_by_tool_name" time="0.000" /><testcase classname="tests.unit.test_loop_detector.TestDetectLoopGenericRepeat" name="test_no_loop_with_short_history" time="0.000" /><testcase classname="tests.unit.test_loop_detector.TestDetectLoopGenericRepeat" name="test_generic_repeat_detected" time="0.000" /><testcase classname="tests.unit.test_loop_detector.TestDetectLoopGenericRepeat" name="test_no_repeat_with_varied_fingerprints" time="0.000" /><testcase classname="tests.unit.test_loop_detector.TestDetectLoopPingPong" name="test_ping_pong_detected" time="0.000" /><testcase classname="tests.unit.test_loop_detector.TestDetectLoopPingPong" name="test_no_ping_pong_with_same" time="0.000" /><testcase classname="tests.unit.test_loop_detector.TestDetectLoopPollNoProgress" name="test_poll_tool_exceeds_threshold" time="0.000" /><testcase classname="tests.unit.test_loop_detector.TestDetectLoopPollNoProgress" name="test_non_poll_tool_not_flagged" time="0.000" /><testcase classname="tests.unit.test_loop_detector.TestDetectLoopCircuitBreaker" name="test_circuit_breaker_triggered" time="0.000" /><testcase classname="tests.unit.test_loop_detector.TestDetectLoopCircuitBreaker" name="test_under_limit_ok" time="0.000" /><testcase classname="tests.unit.test_loop_detector.TestDetectLoopEdgeCases" name="test_empty_history" time="0.000" /><testcase classname="tests.unit.test_loop_detector.TestDetectLoopEdgeCases" name="test_missing_key" time="0.000" /><testcase classname="tests.unit.test_loop_detector.TestDetectLoopEdgeCases" name="test_empty_fingerprint_not_counted" time="0.000" /><testcase classname="tests.unit.test_memory.TestPersistResult" name="test_persist_result_passes_org_id" time="4.554" /><testcase classname="tests.unit.test_memory.TestPersistResult" name="test_persist_result_none_org_id" time="5.207" /><testcase classname="tests.unit.test_memory.TestPersistResult" name="test_persist_result_save_failure_non_fatal" time="3.119" /><testcase classname="tests.unit.test_memory.TestPersistResult" name="test_persist_result_triggers_semantic_cache" time="4.106" /><testcase classname="tests.unit.test_memory.TestPersistResult" name="test_persist_result_extracts_org_memories" time="93.129" /><testcase classname="tests.unit.test_pii_filter.TestSanitizePII" name="test_china_mobile" time="0.000" /><testcase classname="tests.unit.test_pii_filter.TestSanitizePII" name="test_china_mobile_in_sentence" time="0.000" /><testcase classname="tests.unit.test_pii_filter.TestSanitizePII" name="test_china_id_card_18" time="0.000" /><testcase classname="tests.unit.test_pii_filter.TestSanitizePII" name="test_china_id_card_with_x" time="0.000" /><testcase classname="tests.unit.test_pii_filter.TestSanitizePII" name="test_bank_card_16" time="0.000" /><testcase classname="tests.unit.test_pii_filter.TestSanitizePII" name="test_bank_card_19" time="0.000" /><testcase classname="tests.unit.test_pii_filter.TestSanitizePII" name="test_email" time="0.000" /><testcase classname="tests.unit.test_pii_filter.TestSanitizePII" name="test_email_short_local" time="0.000" /><testcase classname="tests.unit.test_pii_filter.TestSanitizePII" name="test_passport" time="0.000" /><testcase classname="tests.unit.test_pii_filter.TestSanitizePII" name="test_no_pii" time="0.000" /><testcase classname="tests.unit.test_pii_filter.TestSanitizePII" name="test_empty_and_none" time="0.000" /><testcase classname="tests.unit.test_pii_filter.TestSanitizePII" name="test_mixed_pii" time="0.000" /><testcase classname="tests.unit.test_pii_filter.TestSanitizePII" name="test_no_false_positive_short_numbers" time="0.000" /><testcase classname="tests.unit.test_rate_limiter.TestTokenBucket" name="test_allows_requests_under_limit" time="0.001" /><testcase classname="tests.unit.test_rate_limiter.TestTokenBucket" name="test_rejects_after_burst_exhausted" time="0.001" /><testcase classname="tests.unit.test_rate_limiter.TestTokenBucket" name="test_tokens_refill_over_time" time="0.000" /><testcase classname="tests.unit.test_rate_limiter.TestTokenBucket" name="test_burst_cap_enforced" time="0.001" /><testcase classname="tests.unit.test_rate_limiter.TestTokenBucket" name="test_metadata_contains_required_fields" time="0.000" /><testcase classname="tests.unit.test_rate_limiter.TestIPExtraction" name="test_direct_ip_when_no_proxy" time="0.000" /><testcase classname="tests.unit.test_rate_limiter.TestIPExtraction" name="test_forwarded_for_with_trusted_proxy" time="0.001" /><testcase classname="tests.unit.test_rate_limiter.TestIPExtraction" name="test_forwarded_for_spoofing_prevented" time="0.001" /><testcase classname="tests.unit.test_rate_limiter.TestIPExtraction" name="test_no_proxy_trust_ignores_forwarded_for" time="0.001" /><testcase classname="tests.unit.test_rate_limiter.TestMemoryCleanup" name="test_evicts_stale_entries_when_over_limit" time="0.002" /><testcase classname="tests.unit.test_rate_limiter.TestMemoryCleanup" name="test_user_based_key_generation" time="0.000" /><testcase classname="tests.unit.test_rate_limiter.TestReset" name="test_reset_restores_burst" time="0.000" /><testcase classname="tests.unit.test_reranker.TestRerankWithApi" name="test_successful_rerank" time="0.002" /><testcase classname="tests.unit.test_reranker.TestRerankWithApi" name="test_api_failure_raises_exception" time="0.002" /><testcase classname="tests.unit.test_reranker.TestRerankWithApi" name="test_empty_documents" time="0.001" /><testcase classname="tests.unit.test_reranker.TestRerankWithApi" name="test_single_document" time="0.001" /><testcase classname="tests.unit.test_reranker.TestRerankWithApi" name="test_three_or_fewer_documents" time="0.001" /><testcase classname="tests.unit.test_reranker.TestRerankWithApi" name="test_backfill_unseen_documents" time="0.001" /><testcase classname="tests.unit.test_reranker.TestRerankWithApi" name="test_duplicate_index_handling" time="0.002" /><testcase classname="tests.unit.test_router_classify.TestClassifyQuerySimple" name="test_greetings[\u4f60\u597d]" time="0.000" /><testcase classname="tests.unit.test_router_classify.TestClassifyQuerySimple" name="test_greetings[hi]" time="0.000" /><testcase classname="tests.unit.test_router_classify.TestClassifyQuerySimple" name="test_greetings[hello]" time="0.000" /><testcase classname="tests.unit.test_router_classify.TestClassifyQuerySimple" name="test_greetings[\u55e8]" time="0.000" /><testcase classname="tests.unit.test_router_classify.TestClassifyQuerySimple" name="test_greetings[\u65e9\u4e0a\u597d]" time="0.000" /><testcase classname="tests.unit.test_router_classify.TestClassifyQuerySimple" name="test_greetings[\u8c22\u8c22]" time="0.000" /><testcase classname="tests.unit.test_router_classify.TestClassifyQuerySimple" name="test_greetings[ok]" time="0.000" /><testcase classname="tests.unit.test_router_classify.TestClassifyQuerySimple" name="test_greetings[\u4f60\u662f\u8c01]" time="0.000" /><testcase classname="tests.unit.test_router_classify.TestClassifyQuerySimple" name="test_greetings[\u5e2e\u6211]" time="0.000" /><testcase classname="tests.unit.test_router_classify.TestClassifyQuerySimple" name="test_greetings[\u597d\u7684]" time="0.000" /><testcase classname="tests.unit.test_router_classify.TestClassifyQuerySimple" name="test_greetings[\u4e86\u89e3]" time="0.000" /><testcase classname="tests.unit.test_router_classify.TestClassifyQuerySimple" name="test_self_description[\u4f60\u80fd\u505a\u4ec0\u4e48]" time="0.000" /><testcase classname="tests.unit.test_router_classify.TestClassifyQuerySimple" name="test_self_description[\u4f60\u4f1a\u54ea\u4e9b\u6280\u80fd]" time="0.000" /><testcase classname="tests.unit.test_router_classify.TestClassifyQuerySimple" name="test_self_description[\u4ecb\u7ecd\u4e00\u4e0b\u4f60\u81ea\u5df1]" time="0.000" /><testcase classname="tests.unit.test_router_classify.TestClassifyQuerySimple" name="test_self_description[\u4f60\u80fd\u5e2e\u6211\u505a\u4ec0\u4e48\u5417]" time="0.000" /><testcase classname="tests.unit.test_router_classify.TestClassifyQuerySimple" name="test_self_description[\u4f60\u7684\u529f\u80fd\u6709\u54ea\u4e9b]" time="0.000" /><testcase classname="tests.unit.test_router_classify.TestClassifyQuerySimple" name="test_chitchat[\u804a\u804a\u5929]" time="0.000" /><testcase classname="tests.unit.test_router_classify.TestClassifyQuerySimple" name="test_chitchat[\u8bb2\u4e2a\u7b11\u8bdd]" time="0.000" /><testcase classname="tests.unit.test_router_classify.TestClassifyQuerySimple" name="test_chitchat[\u4f60\u89c9\u5f97\u600e\u4e48\u6837]" time="0.000" /><testcase classname="tests.unit.test_router_classify.TestClassifyQuerySimple" name="test_chitchat[\u54c8\u54c8]" time="0.000" /><testcase classname="tests.unit.test_router_classify.TestClassifyQuerySimple" name="test_chitchat[\u665a\u5b89]" time="0.000" /><testcase classname="tests.unit.test_router_classify.TestClassifyQuerySimple" name="test_very_short_input" time="0.001" /><testcase classname="tests.unit.test_router_classify.TestClassifyQuerySimple" name="test_empty_input" time="0.000" /><testcase classname="tests.unit.test_router_classify.TestClassifyQueryModerate" name="test_business_queries[\u67e5\u4e00\u4e0b\u6211\u7684\u8bf7\u5047\u8bb0\u5f55]" time="0.383" /><testcase classname="tests.unit.test_router_classify.TestClassifyQueryModerate" name="test_business_queries[\u5e2e\u6211\u770b\u770b\u9879\u76ee\u8fdb\u5ea6]" time="0.001" /><testcase classname="tests.unit.test_router_classify.TestClassifyQueryModerate" name="test_business_queries[\u5ba2\u6237\u5217\u8868]" time="0.001" /><testcase classname="tests.unit.test_router_classify.TestClassifyQueryModerate" name="test_business_queries[\u67e5\u8be2\u672c\u6708\u8003\u52e4]" time="0.000" /><testcase classname="tests.unit.test_router_classify.TestClassifyQueryModerate" name="test_business_queries[\u5408\u540c\u5230\u671f\u63d0\u9192]" time="0.001" /><testcase classname="tests.unit.test_router_classify.TestClassifyQueryModerate" name="test_memory_recall[\u4f60\u8fd8\u8bb0\u5f97\u6211\u4e4b\u524d\u8bf4\u8fc7\u4ec0\u4e48\u5417]" time="0.000" /><testcase classname="tests.unit.test_router_classify.TestClassifyQueryModerate" name="test_memory_recall[\u8bb0\u5f97\u6797\u51ef\u5417]" time="0.000" /><testcase classname="tests.unit.test_router_classify.TestClassifyQueryModerate" name="test_memory_recall[\u6211\u4e4b\u524d\u63d0\u8fc7\u7684\u65b9\u6848]" time="0.000" /><testcase classname="tests.unit.test_router_classify.TestClassifyQueryModerate" name="test_realtime_info[\u63a8\u8350\u51e0\u90e8\u597d\u770b\u7684\u7535\u5f71]" time="0.000" /><testcase classname="tests.unit.test_router_classify.TestClassifyQueryModerate" name="test_realtime_info[\u4eca\u5929\u5929\u6c14\u600e\u4e48\u6837]" time="0.000" /><testcase classname="tests.unit.test_router_classify.TestClassifyQueryModerate" name="test_realtime_info[\u6700\u8fd1\u6709\u4ec0\u4e48\u65b0\u95fb]" time="0.001" /><testcase classname="tests.unit.test_router_classify.TestClassifyQueryModerate" name="test_query_verb_downgrades_critical_keyword" time="0.000" /><testcase classname="tests.unit.test_router_classify.TestClassifyQueryComplex" name="test_analysis_queries[\u5206\u6790\u672c\u5b63\u5ea6\u9500\u552e\u8d8b\u52bf]" time="0.000" /><testcase classname="tests.unit.test_router_classify.TestClassifyQueryComplex" name="test_analysis_queries[\u751f\u6210\u7ade\u54c1\u5bf9\u6bd4\u62a5\u544a]" time="0.000" /><testcase classname="tests.unit.test_router_classify.TestClassifyQueryComplex" name="test_analysis_queries[\u7edf\u8ba1\u5404\u90e8\u95e8\u7ee9\u6548\u6392\u540d]" time="0.000" /><testcase classname="tests.unit.test_router_classify.TestClassifyQueryComplex" name="test_analysis_queries[\u4eea\u8868\u76d8\u6570\u636e\u603b\u7ed3]" time="0.000" /><testcase classname="tests.unit.test_router_classify.TestClassifyQueryComplex" name="test_longform_writing[\u5199\u4e00\u7bc73000\u5b57\u7684\u4ea7\u54c1\u63a8\u5e7f\u8f6f\u6587]" time="0.000" /><testcase classname="tests.unit.test_router_classify.TestClassifyQueryComplex" name="test_longform_writing[\u64b0\u5199\u5e74\u5ea6\u9500\u552e\u62a5\u544a]" time="0.000" /><testcase classname="tests.unit.test_router_classify.TestClassifyQueryComplex" name="test_longform_writing[\u7f16\u5199\u5ba2\u6237\u62dc\u8bbf\u65b9\u6848\u4e66]" time="0.000" /><testcase classname="tests.unit.test_router_classify.TestClassifyQueryComplex" name="test_long_text_auto_complex" time="0.001" /><testcase classname="tests.unit.test_router_classify.TestClassifyQueryCritical" name="test_critical_operations[\u6279\u51c6\u5f20\u4e09\u7684\u62a5\u9500\u7533\u8bf7]" time="0.000" /><testcase classname="tests.unit.test_router_classify.TestClassifyQueryCritical" name="test_critical_operations[\u62d2\u7edd\u8fd9\u4e2a\u5ba1\u6279]" time="0.000" /><testcase classname="tests.unit.test_router_classify.TestClassifyQueryCritical" name="test_critical_operations[\u53d1\u8d77\u4ed8\u6b3e\u8f6c\u8d26]" time="0.000" /><testcase classname="tests.unit.test_router_classify.TestClassifyQueryCritical" name="test_critical_operations[\u6279\u91cf\u5220\u9664\u8fc7\u671f\u6570\u636e]" time="0.000" /><testcase classname="tests.unit.test_router_classify.TestClassifyQueryCritical" name="test_critical_operations[\u63d0\u4ea4\u62a5\u9500\u7533\u8bf7]" time="0.001" /><testcase classname="tests.unit.test_router_classify.TestClassifyQueryCritical" name="test_execute_verb_required" time="0.000" /><testcase classname="tests.unit.test_router_classify.TestNegationFilter" name="test_negation_removes_keyword" time="0.000" /><testcase classname="tests.unit.test_router_classify.TestNegationFilter" name="test_no_negation_keeps_keyword" time="0.000" /><testcase classname="tests.unit.test_router_classify.TestNegationFilter" name="test_negation_only_affects_adjacent" time="0.000" /><testcase classname="tests.unit.test_router_classify.TestDetectAgentRole" name="test_content_agent" time="0.000" /><testcase classname="tests.unit.test_router_classify.TestDetectAgentRole" name="test_sales_agent" time="0.000" /><testcase classname="tests.unit.test_router_classify.TestDetectAgentRole" name="test_multi_agent_orchestration" time="0.000" /><testcase classname="tests.unit.test_router_classify.TestDetectAgentRole" name="test_simple_query_no_role" time="0.000" /><testcase classname="tests.unit.test_router_classify.TestDetectAgentRole" name="test_no_match_returns_empty" time="0.000" /><testcase classname="tests.unit.test_router_classify.TestQueryComplexityModelTier" name="test_simple_economy" time="0.000" /><testcase classname="tests.unit.test_router_classify.TestQueryComplexityModelTier" name="test_moderate_balanced" time="0.000" /><testcase classname="tests.unit.test_router_classify.TestQueryComplexityModelTier" name="test_complex_power" time="0.000" /><testcase classname="tests.unit.test_router_classify.TestQueryComplexityModelTier" name="test_critical_flagship" time="0.000" /><testcase classname="tests.unit.test_safety_guards.TestHasIrreversibleTool" name="test_detects_irreversible" time="0.001" /><testcase classname="tests.unit.test_safety_guards.TestHasIrreversibleTool" name="test_no_irreversible" time="0.001" /><testcase classname="tests.unit.test_safety_guards.TestHasIrreversibleTool" name="test_empty_completed" time="0.000" /><testcase classname="tests.unit.test_safety_guards.TestHasIrreversibleTool" name="test_unknown_tool_returns_none" time="0.000" /><testcase classname="tests.unit.test_safety_guards.TestIsMutationFastPath" name="test_all_success_non_irreversible" time="0.001" /><testcase classname="tests.unit.test_safety_guards.TestIsMutationFastPath" name="test_irreversible_blocks_fast_path" time="0.001" /><testcase classname="tests.unit.test_safety_guards.TestIsMutationFastPath" name="test_failed_tool_blocks_fast_path" time="0.001" /><testcase classname="tests.unit.test_safety_guards.TestIsMutationFastPath" name="test_empty_completed_no_fast_path" time="0.000" /><testcase classname="tests.unit.test_safety_guards.TestCheckSloBudget" name="test_within_budget" time="0.000" /><testcase classname="tests.unit.test_safety_guards.TestCheckSloBudget" name="test_exceeded_budget" time="0.000" /><testcase classname="tests.unit.test_safety_guards.TestCheckSloBudget" name="test_no_wall_clock_returns_false" time="0.000" /><testcase classname="tests.unit.test_safety_guards.TestCheckSloBudget" name="test_no_complexity_returns_false" time="0.000" /><testcase classname="tests.unit.test_safety_guards.TestCheckSloBudget" name="test_budget_ratio" time="0.000" /><testcase classname="tests.unit.test_safety_guards.TestCheckSloBudget" name="test_slo_thresholds_correct[simple-5.0]" time="0.000" /><testcase classname="tests.unit.test_safety_guards.TestCheckSloBudget" name="test_slo_thresholds_correct[moderate-10.0]" time="0.000" /><testcase classname="tests.unit.test_safety_guards.TestCheckSloBudget" name="test_slo_thresholds_correct[complex-20.0]" time="0.000" /><testcase classname="tests.unit.test_safety_guards.TestCheckSloBudget" name="test_slo_thresholds_correct[critical-30.0]" time="0.000" /><testcase classname="tests.unit.test_state.TestAgentPhase" name="test_all_phases_exist" time="0.000" /><testcase classname="tests.unit.test_state.TestAgentPhase" name="test_str_enum" time="0.000" /><testcase classname="tests.unit.test_state.TestQueryComplexity" name="test_model_tier_mapping" time="0.001" /><testcase classname="tests.unit.test_state.TestThinkingStep" name="test_to_dict_excludes_none" time="0.000" /><testcase classname="tests.unit.test_state.TestThinkingStep" name="test_to_dict_includes_tool_info" time="0.000" /><testcase classname="tests.unit.test_state.TestThinkingStep" name="test_timestamp_auto_set" time="0.000" /><testcase classname="tests.unit.test_state.TestToolCallRecord" name="test_defaults" time="0.000" /><testcase classname="tests.unit.test_state.TestWBSStructure" name="test_valid_structure" time="0.000" /><testcase classname="tests.unit.test_state.TestWBSStructure" name="test_empty_sub_tasks" time="0.000" /><testcase classname="tests.unit.test_state.TestAgentConfig" name="test_defaults" time="0.000" /><testcase classname="tests.unit.test_state.TestAgentConfig" name="test_invalid_max_iterations" time="0.000" /><testcase classname="tests.unit.test_state.TestAgentConfig" name="test_invalid_temperature" time="0.000" /><testcase classname="tests.unit.test_state.TestAgentConfig" name="test_invalid_user_role_defaults_to_employee" time="0.000" /><testcase classname="tests.unit.test_state.TestAgentConfig" name="test_get_model_for_complexity" time="0.000" /><testcase classname="tests.unit.test_state.TestAgentConfig" name="test_confidence_threshold_bounds" time="0.000" /><testcase classname="tests.unit.test_state.TestAgentConfig" name="test_tool_timeout_positive" time="0.000" /><testcase classname="tests.unit.test_state.TestAgentConfig" name="test_dry_run_default_false" time="0.000" /><testcase classname="tests.unit.test_state_gc.TestGCState" name="test_gc_prunes_thinking_steps" time="0.001" /><testcase classname="tests.unit.test_state_gc.TestGCState" name="test_gc_prunes_tool_call_history" time="0.000" /><testcase classname="tests.unit.test_state_gc.TestGCState" name="test_gc_folds_completed_tool_calls" time="0.001" /><testcase classname="tests.unit.test_state_gc.TestGCState" name="test_gc_no_op_when_small" time="0.000" /><testcase classname="tests.unit.test_stream.TestSSEFormatting" name="test_sse_data_format" time="0.000" /><testcase classname="tests.unit.test_stream.TestSSEFormatting" name="test_sse_data_chinese_characters" time="0.000" /><testcase classname="tests.unit.test_stream.TestSSEFormatting" name="test_sse_content_openai_format" time="0.000" /><testcase classname="tests.unit.test_stream.TestSSEFormatting" name="test_sse_content_empty_string" time="0.000" /><testcase classname="tests.unit.test_stream.TestSSEFormatting" name="test_sse_thinking_step" time="0.000" /><testcase classname="tests.unit.test_stream.TestSSEFormatting" name="test_sse_status" time="0.000" /><testcase classname="tests.unit.test_stream.TestChunkText" name="test_empty_text" time="0.000" /><testcase classname="tests.unit.test_stream.TestChunkText" name="test_short_text_single_chunk" time="0.000" /><testcase classname="tests.unit.test_stream.TestChunkText" name="test_chunks_at_natural_boundaries" time="0.000" /><testcase classname="tests.unit.test_stream.TestChunkText" name="test_chunk_size_respected" time="0.000" /><testcase classname="tests.unit.test_stream.TestChunkText" name="test_preserves_all_content" time="0.000" /><testcase classname="tests.unit.test_stream.TestChunkText" name="test_newline_breaks_chunk" time="0.000" /><testcase classname="tests.unit.test_stream.TestThinkingStep" name="test_to_dict_basic" time="0.000" /><testcase classname="tests.unit.test_stream.TestThinkingStep" name="test_to_dict_with_tool_info" time="0.000" /><testcase classname="tests.unit.test_stream.TestThinkingStep" name="test_to_dict_optional_fields_none" time="0.000" /><testcase classname="tests.unit.test_token_service.TestTokenCounter" name="test_count_tokens_basic" time="0.211" /><testcase classname="tests.unit.test_token_service.TestTokenCounter" name="test_count_tokens_chinese" time="0.001" /><testcase classname="tests.unit.test_token_service.TestTokenCounter" name="test_count_tokens_empty" time="0.000" /><testcase classname="tests.unit.test_token_service.TestTokenCounter" name="test_count_tokens_long_text" time="0.001" /><testcase classname="tests.unit.test_token_service.TestTokenCounter" name="test_count_messages_tokens" time="0.000" /><testcase classname="tests.unit.test_token_service.TestTokenCounter" name="test_count_messages_multimodal" time="0.001" /><testcase classname="tests.unit.test_token_service.TestTokenCounter" name="test_estimate_cost_gpt4o" time="0.000" /><testcase classname="tests.unit.test_token_service.TestTokenCounter" name="test_estimate_cost_gpt4o_mini" time="0.000" /><testcase classname="tests.unit.test_token_service.TestTokenCounter" name="test_estimate_cost_unknown_model" time="0.000" /><testcase classname="tests.unit.test_token_service.TestTokenCounter" name="test_estimate_cost_zero_tokens" time="0.000" /><testcase classname="tests.unit.test_token_service.TestTokenCounter" name="test_estimate_cost_embedding_model" time="0.000" /><testcase classname="tests.unit.test_token_service.TestModelPricing" name="test_has_enough_models" time="0.000" /><testcase classname="tests.unit.test_token_service.TestModelPricing" name="test_pricing_values_positive" time="0.000" /><testcase classname="tests.unit.test_token_service.TestModelPricing" name="test_default_price_exists" time="0.000" /><testcase classname="tests.unit.test_token_service.TestModelPricing" name="test_output_more_expensive_than_input" time="0.000" /><testcase classname="tests.unit.test_token_service.TestUsageTracker" name="test_check_limits_within_bounds" time="0.000" /><testcase classname="tests.unit.test_token_service.TestUsageTracker" name="test_check_limits_exceeds_per_request" time="0.000" /><testcase classname="tests.unit.test_token_service.TestUsageTracker" name="test_record_usage" time="0.000" /><testcase classname="tests.unit.test_token_service.TestUsageTracker" name="test_get_usage_summary_new_user" time="0.000" /><testcase classname="tests.unit.test_token_service.TestUsageTracker" name="test_accumulated_usage_exceeds_daily_limit" time="0.000" /><testcase classname="tests.unit.test_token_service.TestUsageTracker" name="test_usage_summary_structure" time="0.000" /><testcase classname="tests.unit.test_token_service.TestUsageTracker" name="test_multiple_records_accumulate" time="0.000" /><testcase classname="tests.unit.test_token_service.TestUsageTracker" name="test_cost_accumulates_correctly" time="0.000" /><testcase classname="tests.unit.test_token_service.TestValidateRequestTokens" name="test_valid_request" time="0.000" /><testcase classname="tests.unit.test_token_service.TestValidateRequestTokens" name="test_empty_messages" time="0.000" /><testcase classname="tests.unit.test_token_service.TestValidateRequestTokens" name="test_very_long_message" time="0.189" /><testcase classname="tests.unit.test_token_service.TestValidateRequestTokens" name="test_multiple_models" time="0.091" /><testcase classname="tests.unit.test_token_service.TestUsageLimits" name="test_default_limits" time="0.000" /><testcase classname="tests.unit.test_token_service.TestUsageLimits" name="test_custom_limits" time="0.000" /><testcase classname="tests.unit.test_token_service.TestUsageLimits" name="test_org_limits_higher_than_user" time="0.000" /><testcase classname="tests.unit.test_tool_coverage.TestToolMetadataRegression" name="test_tool_has_valid_metadata[get_customers]" time="0.001" /><testcase classname="tests.unit.test_tool_coverage.TestToolMetadataRegression" name="test_tool_has_valid_metadata[create_customer]" time="0.000" /><testcase classname="tests.unit.test_tool_coverage.TestToolMetadataRegression" name="test_tool_has_valid_metadata[update_customer_stage]" time="0.000" /><testcase classname="tests.unit.test_tool_coverage.TestToolMetadataRegression" name="test_tool_has_valid_metadata[approve_request]" time="0.001" /><testcase classname="tests.unit.test_tool_coverage.TestToolMetadataRegression" name="test_tool_has_valid_metadata[reject_request]" time="0.000" /><testcase classname="tests.unit.test_tool_coverage.TestToolMetadataRegression" name="test_tool_has_valid_metadata[get_pending_approvals]" time="0.000" /><testcase classname="tests.unit.test_tool_coverage.TestToolMetadataRegression" name="test_tool_has_valid_metadata[submit_approval_on_behalf]" time="0.000" /><testcase classname="tests.unit.test_tool_coverage.TestToolMetadataRegression" name="test_tool_has_valid_metadata[query_attendance]" time="0.001" /><testcase classname="tests.unit.test_tool_coverage.TestToolMetadataRegression" name="test_tool_has_valid_metadata[query_team_attendance]" time="0.000" /><testcase classname="tests.unit.test_tool_coverage.TestToolMetadataRegression" name="test_tool_has_valid_metadata[get_employee_profile]" time="0.000" /><testcase classname="tests.unit.test_tool_coverage.TestToolMetadataRegression" name="test_tool_has_valid_metadata[create_expense_claim]" time="0.001" /><testcase classname="tests.unit.test_tool_coverage.TestToolMetadataRegression" name="test_tool_has_valid_metadata[query_expense_status]" time="0.000" /><testcase classname="tests.unit.test_tool_coverage.TestToolMetadataRegression" name="test_tool_has_valid_metadata[query_budget]" time="0.000" /><testcase classname="tests.unit.test_tool_coverage.TestToolMetadataRegression" name="test_tool_has_valid_metadata[query_knowledge_base]" time="0.001" /><testcase classname="tests.unit.test_tool_coverage.TestToolMetadataRegression" name="test_tool_has_valid_metadata[book_meeting]" time="0.002" /><testcase classname="tests.unit.test_tool_coverage.TestToolMetadataRegression" name="test_tool_has_valid_metadata[query_leave_status]" time="0.000" /><testcase classname="tests.unit.test_tool_coverage.TestToolMetadataRegression" name="test_tool_has_valid_metadata[generate_weekly_report]" time="0.001" /><testcase classname="tests.unit.test_tool_coverage.TestToolMetadataRegression" name="test_tool_has_valid_metadata[get_performance_report]" time="0.000" /><testcase classname="tests.unit.test_tool_coverage.TestToolMetadataRegression" name="test_tool_has_valid_metadata[create_leave_request]" time="0.000" /><testcase classname="tests.unit.test_tool_coverage.TestToolMetadataRegression" name="test_tool_has_valid_metadata[assign_task]" time="0.001" /><testcase classname="tests.unit.test_tool_coverage.TestToolMetadataRegression" name="test_tool_parameters_have_properties[get_customers]" time="0.000" /><testcase classname="tests.unit.test_tool_coverage.TestToolMetadataRegression" name="test_tool_parameters_have_properties[create_customer]" time="0.000" /><testcase classname="tests.unit.test_tool_coverage.TestToolMetadataRegression" name="test_tool_parameters_have_properties[update_customer_stage]" time="0.000" /><testcase classname="tests.unit.test_tool_coverage.TestToolMetadataRegression" name="test_tool_parameters_have_properties[approve_request]" time="0.000" /><testcase classname="tests.unit.test_tool_coverage.TestToolMetadataRegression" name="test_tool_parameters_have_properties[reject_request]" time="0.000" /><testcase classname="tests.unit.test_tool_coverage.TestToolMetadataRegression" name="test_tool_parameters_have_properties[get_pending_approvals]" time="0.000" /><testcase classname="tests.unit.test_tool_coverage.TestToolMetadataRegression" name="test_tool_parameters_have_properties[submit_approval_on_behalf]" time="0.000" /><testcase classname="tests.unit.test_tool_coverage.TestToolMetadataRegression" name="test_tool_parameters_have_properties[query_attendance]" time="0.000" /><testcase classname="tests.unit.test_tool_coverage.TestToolMetadataRegression" name="test_tool_parameters_have_properties[query_team_attendance]" time="0.000" /><testcase classname="tests.unit.test_tool_coverage.TestToolMetadataRegression" name="test_tool_parameters_have_properties[get_employee_profile]" time="0.000" /><testcase classname="tests.unit.test_tool_coverage.TestToolMetadataRegression" name="test_tool_parameters_have_properties[create_expense_claim]" time="0.000" /><testcase classname="tests.unit.test_tool_coverage.TestToolMetadataRegression" name="test_tool_parameters_have_properties[query_expense_status]" time="0.000" /><testcase classname="tests.unit.test_tool_coverage.TestToolMetadataRegression" name="test_tool_parameters_have_properties[query_budget]" time="0.000" /><testcase classname="tests.unit.test_tool_coverage.TestToolMetadataRegression" name="test_tool_parameters_have_properties[query_knowledge_base]" time="0.000" /><testcase classname="tests.unit.test_tool_coverage.TestToolMetadataRegression" name="test_tool_parameters_have_properties[book_meeting]" time="0.000" /><testcase classname="tests.unit.test_tool_coverage.TestToolMetadataRegression" name="test_tool_parameters_have_properties[query_leave_status]" time="0.000" /><testcase classname="tests.unit.test_tool_coverage.TestToolMetadataRegression" name="test_tool_parameters_have_properties[generate_weekly_report]" time="0.000" /><testcase classname="tests.unit.test_tool_coverage.TestToolMetadataRegression" name="test_tool_parameters_have_properties[get_performance_report]" time="0.000" /><testcase classname="tests.unit.test_tool_coverage.TestToolMetadataRegression" name="test_tool_parameters_have_properties[create_leave_request]" time="0.000" /><testcase classname="tests.unit.test_tool_coverage.TestToolMetadataRegression" name="test_tool_parameters_have_properties[assign_task]" time="0.000" /><testcase classname="tests.unit.test_tool_coverage.TestToolMetadataRegression" name="test_tool_has_run_method[get_customers]" time="0.000" /><testcase classname="tests.unit.test_tool_coverage.TestToolMetadataRegression" name="test_tool_has_run_method[create_customer]" time="0.000" /><testcase classname="tests.unit.test_tool_coverage.TestToolMetadataRegression" name="test_tool_has_run_method[update_customer_stage]" time="0.000" /><testcase classname="tests.unit.test_tool_coverage.TestToolMetadataRegression" name="test_tool_has_run_method[approve_request]" time="0.000" /><testcase classname="tests.unit.test_tool_coverage.TestToolMetadataRegression" name="test_tool_has_run_method[reject_request]" time="0.000" /><testcase classname="tests.unit.test_tool_coverage.TestToolMetadataRegression" name="test_tool_has_run_method[get_pending_approvals]" time="0.000" /><testcase classname="tests.unit.test_tool_coverage.TestToolMetadataRegression" name="test_tool_has_run_method[submit_approval_on_behalf]" time="0.000" /><testcase classname="tests.unit.test_tool_coverage.TestToolMetadataRegression" name="test_tool_has_run_method[query_attendance]" time="0.000" /><testcase classname="tests.unit.test_tool_coverage.TestToolMetadataRegression" name="test_tool_has_run_method[query_team_attendance]" time="0.000" /><testcase classname="tests.unit.test_tool_coverage.TestToolMetadataRegression" name="test_tool_has_run_method[get_employee_profile]" time="0.000" /><testcase classname="tests.unit.test_tool_coverage.TestToolMetadataRegression" name="test_tool_has_run_method[create_expense_claim]" time="0.000" /><testcase classname="tests.unit.test_tool_coverage.TestToolMetadataRegression" name="test_tool_has_run_method[query_expense_status]" time="0.000" /><testcase classname="tests.unit.test_tool_coverage.TestToolMetadataRegression" name="test_tool_has_run_method[query_budget]" time="0.000" /><testcase classname="tests.unit.test_tool_coverage.TestToolMetadataRegression" name="test_tool_has_run_method[query_knowledge_base]" time="0.000" /><testcase classname="tests.unit.test_tool_coverage.TestToolMetadataRegression" name="test_tool_has_run_method[book_meeting]" time="0.000" /><testcase classname="tests.unit.test_tool_coverage.TestToolMetadataRegression" name="test_tool_has_run_method[query_leave_status]" time="0.000" /><testcase classname="tests.unit.test_tool_coverage.TestToolMetadataRegression" name="test_tool_has_run_method[generate_weekly_report]" time="0.000" /><testcase classname="tests.unit.test_tool_coverage.TestToolMetadataRegression" name="test_tool_has_run_method[get_performance_report]" time="0.000" /><testcase classname="tests.unit.test_tool_coverage.TestToolMetadataRegression" name="test_tool_has_run_method[create_leave_request]" time="0.000" /><testcase classname="tests.unit.test_tool_coverage.TestToolMetadataRegression" name="test_tool_has_run_method[assign_task]" time="0.000" /><testcase classname="tests.unit.test_tool_coverage" name="test_audit_all_registered_tools_have_regression_tests" time="0.001"><failure message="AssertionError: 工具测试覆盖率 (23.4%) 低于 25% 基线，请补全核心业务工具测试。&#10;assert 23.387096774193548 &gt;= 25.0">tests\unit\test_tool_coverage.py:66: in test_audit_all_registered_tools_have_regression_tests
    assert coverage_percent &gt;= 25.0, f"工具测试覆盖率 ({coverage_percent:.1f}%) 低于 25% 基线，请补全核心业务工具测试。"
E   AssertionError: 工具测试覆盖率 (23.4%) 低于 25% 基线，请补全核心业务工具测试。
E   assert 23.387096774193548 &gt;= 25.0</failure></testcase><testcase classname="tests.unit.test_tool_full_sweep" name="test_tool_specification_standards[analyze_tender_document]" time="0.001" /><testcase classname="tests.unit.test_tool_full_sweep" name="test_tool_specification_standards[get_battlecard]" time="0.001" /><testcase classname="tests.unit.test_tool_full_sweep" name="test_tool_specification_standards[list_competitors]" time="0.000" /><testcase classname="tests.unit.test_tool_full_sweep" name="test_tool_specification_standards[approve_request]" time="0.000" /><testcase classname="tests.unit.test_tool_full_sweep" name="test_tool_specification_standards[reject_request]" time="0.000" /><testcase classname="tests.unit.test_tool_full_sweep" name="test_tool_specification_standards[get_pending_approvals]" time="0.001" /><testcase classname="tests.unit.test_tool_full_sweep" name="test_tool_specification_standards[submit_approval_on_behalf]" time="0.000" /><testcase classname="tests.unit.test_tool_full_sweep" name="test_tool_specification_standards[get_employee_info]" time="0.000" /><testcase classname="tests.unit.test_tool_full_sweep" name="test_tool_specification_standards[get_employee_approval_history]" time="0.000" /><testcase classname="tests.unit.test_tool_full_sweep" name="test_tool_specification_standards[get_performance_report]" time="0.000" /><testcase classname="tests.unit.test_tool_full_sweep" name="test_tool_specification_standards[get_company_stats]" time="0.000" /><testcase classname="tests.unit.test_tool_full_sweep" name="test_tool_specification_standards[query_knowledge_base]" time="0.000" /><testcase classname="tests.unit.test_tool_full_sweep" name="test_tool_specification_standards[load_knowledge]" time="0.001" /><testcase classname="tests.unit.test_tool_full_sweep" name="test_tool_specification_standards[award_badge]" time="0.000" /><testcase classname="tests.unit.test_tool_full_sweep" name="test_tool_specification_standards[get_projects]" time="0.000" /><testcase classname="tests.unit.test_tool_full_sweep" name="test_tool_specification_standards[create_project_event]" time="0.000" /><testcase classname="tests.unit.test_tool_full_sweep" name="test_tool_specification_standards[create_project]" time="0.001" /><testcase classname="tests.unit.test_tool_full_sweep" name="test_tool_specification_standards[generate_weekly_report]" time="0.000" /><testcase classname="tests.unit.test_tool_full_sweep" name="test_tool_specification_standards[create_leave_request]" time="0.000" /><testcase classname="tests.unit.test_tool_full_sweep" name="test_tool_specification_standards[query_leave_status]" time="0.000" /><testcase classname="tests.unit.test_tool_full_sweep" name="test_tool_specification_standards[book_meeting]" time="0.000" /><testcase classname="tests.unit.test_tool_full_sweep" name="test_tool_specification_standards[assign_task]" time="0.000" /><testcase classname="tests.unit.test_tool_full_sweep" name="test_tool_specification_standards[create_work_handover]" time="0.000" /><testcase classname="tests.unit.test_tool_full_sweep" name="test_tool_specification_standards[generate_onboarding_checklist]" time="0.000" /><testcase classname="tests.unit.test_tool_full_sweep" name="test_tool_specification_standards[send_notification]" time="0.000" /><testcase classname="tests.unit.test_tool_full_sweep" name="test_tool_specification_standards[get_calendar]" time="0.001" /><testcase classname="tests.unit.test_tool_full_sweep" name="test_tool_specification_standards[create_calendar_event]" time="0.000" /><testcase classname="tests.unit.test_tool_full_sweep" name="test_tool_specification_standards[update_calendar_event]" time="0.000" /><testcase classname="tests.unit.test_tool_full_sweep" name="test_tool_specification_standards[create_expense_claim]" time="0.000" /><testcase classname="tests.unit.test_tool_full_sweep" name="test_tool_specification_standards[query_expense_status]" time="0.000" /><testcase classname="tests.unit.test_tool_full_sweep" name="test_tool_specification_standards[query_budget]" time="0.000" /><testcase classname="tests.unit.test_tool_full_sweep" name="test_tool_specification_standards[query_salary]" time="0.000" /><testcase classname="tests.unit.test_tool_full_sweep" name="test_tool_specification_standards[recognize_invoice]" time="0.000" /><testcase classname="tests.unit.test_tool_full_sweep" name="test_tool_specification_standards[query_attendance]" time="0.000" /><testcase classname="tests.unit.test_tool_full_sweep" name="test_tool_specification_standards[query_team_attendance]" time="0.000" /><testcase classname="tests.unit.test_tool_full_sweep" name="test_tool_specification_standards[get_employee_profile]" time="0.000" /><testcase classname="tests.unit.test_tool_full_sweep" name="test_tool_specification_standards[create_performance_review]" time="0.000" /><testcase classname="tests.unit.test_tool_full_sweep" name="test_tool_specification_standards[manage_recruitment]" time="0.000" /><testcase classname="tests.unit.test_tool_full_sweep" name="test_tool_specification_standards[smart_approve]" time="0.001" /><testcase classname="tests.unit.test_tool_full_sweep" name="test_tool_specification_standards[get_daily_briefing]" time="0.000" /><testcase classname="tests.unit.test_tool_full_sweep" name="test_tool_specification_standards[get_business_dashboard]" time="0.000" /><testcase classname="tests.unit.test_tool_full_sweep" name="test_tool_specification_standards[get_team_insight]" time="0.000" /><testcase classname="tests.unit.test_tool_full_sweep" name="test_tool_specification_standards[publish_announcement]" time="0.000" /><testcase classname="tests.unit.test_tool_full_sweep" name="test_tool_specification_standards[generate_customer_profile]" time="0.000" /><testcase classname="tests.unit.test_tool_full_sweep" name="test_tool_specification_standards[analyze_contract]" time="0.001" /><testcase classname="tests.unit.test_tool_full_sweep" name="test_tool_specification_standards[get_customers]" time="0.000" /><testcase classname="tests.unit.test_tool_full_sweep" name="test_tool_specification_standards[get_customer_detail]" time="0.000" /><testcase classname="tests.unit.test_tool_full_sweep" name="test_tool_specification_standards[create_customer]" time="0.000" /><testcase classname="tests.unit.test_tool_full_sweep" name="test_tool_specification_standards[update_customer]" time="0.000" /><testcase classname="tests.unit.test_tool_full_sweep" name="test_tool_specification_standards[add_follow_up]" time="0.000" /><testcase classname="tests.unit.test_tool_full_sweep" name="test_tool_specification_standards[get_follow_ups]" time="0.000" /><testcase classname="tests.unit.test_tool_full_sweep" name="test_tool_specification_standards[update_customer_stage]" time="0.000" /><testcase classname="tests.unit.test_tool_full_sweep" name="test_tool_specification_standards[get_sales_pipeline]" time="0.000" /><testcase classname="tests.unit.test_tool_full_sweep" name="test_tool_specification_standards[get_contracts]" time="0.001" /><testcase classname="tests.unit.test_tool_full_sweep" name="test_tool_specification_standards[create_contract]" time="0.000" /><testcase classname="tests.unit.test_tool_full_sweep" name="test_tool_specification_standards[get_expiring_contracts]" time="0.000" /><testcase classname="tests.unit.test_tool_full_sweep" name="test_tool_specification_standards[analyze_data_attribution]" time="0.001" /><testcase classname="tests.unit.test_tool_full_sweep" name="test_tool_specification_standards[strategy_simulation]" time="0.000" /><testcase classname="tests.unit.test_tool_full_sweep" name="test_tool_specification_standards[create_scheduled_task]" time="0.000" /><testcase classname="tests.unit.test_tool_full_sweep" name="test_tool_specification_standards[list_scheduled_tasks]" time="0.000" /><testcase classname="tests.unit.test_tool_full_sweep" name="test_tool_specification_standards[delete_scheduled_task]" time="0.000" /><testcase classname="tests.unit.test_tool_full_sweep" name="test_tool_specification_standards[create_task]" time="0.001" /><testcase classname="tests.unit.test_tool_full_sweep" name="test_tool_specification_standards[update_task]" time="0.000" /><testcase classname="tests.unit.test_tool_full_sweep" name="test_tool_specification_standards[list_tasks]" time="0.000" /><testcase classname="tests.unit.test_tool_full_sweep" name="test_tool_specification_standards[ask_user]" time="0.001" /><testcase classname="tests.unit.test_tool_full_sweep" name="test_tool_specification_standards[compact_context]" time="0.001" /><testcase classname="tests.unit.test_tool_full_sweep" name="test_tool_specification_standards[web_search]" time="0.001" /><testcase classname="tests.unit.test_tool_full_sweep" name="test_tool_specification_standards[llm_task]" time="0.001" /><testcase classname="tests.unit.test_tool_full_sweep" name="test_tool_specification_standards[search_bidding_projects]" time="0.001" /><testcase classname="tests.unit.test_tool_full_sweep" name="test_tool_specification_standards[list_system_configs]" time="0.001" /><testcase classname="tests.unit.test_tool_full_sweep" name="test_tool_specification_standards[update_system_config]" time="0.000" /><testcase classname="tests.unit.test_tool_full_sweep" name="test_tool_specification_standards[list_departments]" time="0.001" /><testcase classname="tests.unit.test_tool_full_sweep" name="test_tool_specification_standards[create_department]" time="0.000" /><testcase classname="tests.unit.test_tool_full_sweep" name="test_tool_specification_standards[update_department]" time="0.000" /><testcase classname="tests.unit.test_tool_full_sweep" name="test_tool_specification_standards[list_employees]" time="0.000" /><testcase classname="tests.unit.test_tool_full_sweep" name="test_tool_specification_standards[get_employee_detail]" time="0.000" /><testcase classname="tests.unit.test_tool_full_sweep" name="test_tool_specification_standards[create_employee]" time="0.000" /><testcase classname="tests.unit.test_tool_full_sweep" name="test_tool_specification_standards[update_employee]" time="0.000" /><testcase classname="tests.unit.test_tool_full_sweep" name="test_tool_specification_standards[org_statistics]" time="0.000" /><testcase classname="tests.unit.test_tool_full_sweep" name="test_tool_specification_standards[get_org_tree]" time="0.001" /><testcase classname="tests.unit.test_tool_full_sweep" name="test_tool_specification_standards[get_reporting_line]" time="0.000" /><testcase classname="tests.unit.test_tool_full_sweep" name="test_tool_specification_standards[list_assets]" time="0.001" /><testcase classname="tests.unit.test_tool_full_sweep" name="test_tool_specification_standards[get_asset_detail]" time="0.000" /><testcase classname="tests.unit.test_tool_full_sweep" name="test_tool_specification_standards[create_asset]" time="0.000" /><testcase classname="tests.unit.test_tool_full_sweep" name="test_tool_specification_standards[update_asset]" time="0.000" /><testcase classname="tests.unit.test_tool_full_sweep" name="test_tool_specification_standards[transfer_asset]" time="0.000" /><testcase classname="tests.unit.test_tool_full_sweep" name="test_tool_specification_standards[asset_statistics]" time="0.000" /><testcase classname="tests.unit.test_tool_full_sweep" name="test_tool_specification_standards[create_work_order]" time="0.001" /><testcase classname="tests.unit.test_tool_full_sweep" name="test_tool_specification_standards[list_work_orders]" time="0.000" /><testcase classname="tests.unit.test_tool_full_sweep" name="test_tool_specification_standards[get_work_order_detail]" time="0.000" /><testcase classname="tests.unit.test_tool_full_sweep" name="test_tool_specification_standards[update_work_order]" time="0.000" /><testcase classname="tests.unit.test_tool_full_sweep" name="test_tool_specification_standards[work_order_statistics]" time="0.000" /><testcase classname="tests.unit.test_tool_full_sweep" name="test_tool_specification_standards[clock_in_out]" time="0.001" /><testcase classname="tests.unit.test_tool_full_sweep" name="test_tool_specification_standards[get_attendance_record]" time="0.000" /><testcase classname="tests.unit.test_tool_full_sweep" name="test_tool_specification_standards[create_shift_schedule]" time="0.000" /><testcase classname="tests.unit.test_tool_full_sweep" name="test_tool_specification_standards[list_shift_schedules]" time="0.001" /><testcase classname="tests.unit.test_tool_full_sweep" name="test_tool_specification_standards[attendance_statistics]" time="0.000" /><testcase classname="tests.unit.test_tool_full_sweep" name="test_tool_specification_standards[request_leave]" time="0.000" /><testcase classname="tests.unit.test_tool_full_sweep" name="test_tool_specification_standards[submit_expense]" time="0.001" /><testcase classname="tests.unit.test_tool_full_sweep" name="test_tool_specification_standards[list_expenses]" time="0.000" /><testcase classname="tests.unit.test_tool_full_sweep" name="test_tool_specification_standards[approve_expense]" time="0.000" /><testcase classname="tests.unit.test_tool_full_sweep" name="test_tool_specification_standards[check_budget]" time="0.000" /><testcase classname="tests.unit.test_tool_full_sweep" name="test_tool_specification_standards[list_inventory]" time="0.001" /><testcase classname="tests.unit.test_tool_full_sweep" name="test_tool_specification_standards[inventory_in]" time="0.001" /><testcase classname="tests.unit.test_tool_full_sweep" name="test_tool_specification_standards[inventory_out]" time="0.000" /><testcase classname="tests.unit.test_tool_full_sweep" name="test_tool_specification_standards[inventory_statistics]" time="0.000" /><testcase classname="tests.unit.test_tool_full_sweep" name="test_tool_specification_standards[list_certificates]" time="0.001" /><testcase classname="tests.unit.test_tool_full_sweep" name="test_tool_specification_standards[create_certificate]" time="0.000" /><testcase classname="tests.unit.test_tool_full_sweep" name="test_tool_specification_standards[expiring_certificates]" time="0.000" /><testcase classname="tests.unit.test_tool_full_sweep" name="test_tool_specification_standards[renew_certificate]" time="0.000" /><testcase classname="tests.unit.test_tool_full_sweep" name="test_tool_specification_standards[list_approval_flows]" time="0.001" /><testcase classname="tests.unit.test_tool_full_sweep" name="test_tool_specification_standards[create_approval_flow]" time="0.000" /><testcase classname="tests.unit.test_tool_full_sweep" name="test_tool_specification_standards[smart_report]" time="0.001" /><testcase classname="tests.unit.test_tool_full_sweep" name="test_tool_specification_standards[anomaly_detection]" time="0.000" /><testcase classname="tests.unit.test_tool_full_sweep" name="test_tool_specification_standards[predictive_maintenance]" time="0.000" /><testcase classname="tests.unit.test_tool_full_sweep" name="test_tool_specification_standards[auto_dispatch]" time="0.000" /><testcase classname="tests.unit.test_tool_full_sweep" name="test_tool_specification_standards[meeting_summary]" time="0.000" /><testcase classname="tests.unit.test_tool_full_sweep" name="test_tool_specification_standards[onboarding_assistant]" time="0.000" /><testcase classname="tests.unit.test_tool_full_sweep" name="test_tool_specification_standards[process_onboarding]" time="0.001" /><testcase classname="tests.unit.test_tool_full_sweep" name="test_tool_specification_standards[process_resignation]" time="0.000" /><testcase classname="tests.unit.test_tool_full_sweep" name="test_tool_specification_standards[process_asset_lifecycle]" time="0.000" /><testcase classname="tests.unit.test_tool_full_sweep" name="test_tool_specification_standards[query_audit_logs]" time="0.001" /><testcase classname="tests.unit.test_tool_full_sweep" name="test_tool_specification_standards[get_user_preferences]" time="0.001" /><testcase classname="tests.unit.test_tool_full_sweep" name="test_tool_specification_standards[update_user_preferences]" time="0.000" /><testcase classname="tests.unit.test_tool_full_sweep" name="test_tool_run_crashes_protected[analyze_tender_document]" time="0.001" /><testcase classname="tests.unit.test_tool_full_sweep" name="test_tool_run_crashes_protected[get_battlecard]" time="0.001" /><testcase classname="tests.unit.test_tool_full_sweep" name="test_tool_run_crashes_protected[list_competitors]" time="0.001" /><testcase classname="tests.unit.test_tool_full_sweep" name="test_tool_run_crashes_protected[approve_request]" time="0.001" /><testcase classname="tests.unit.test_tool_full_sweep" name="test_tool_run_crashes_protected[reject_request]" time="0.001" /><testcase classname="tests.unit.test_tool_full_sweep" name="test_tool_run_crashes_protected[get_pending_approvals]" time="0.002" /><testcase classname="tests.unit.test_tool_full_sweep" name="test_tool_run_crashes_protected[submit_approval_on_behalf]" time="0.002" /><testcase classname="tests.unit.test_tool_full_sweep" name="test_tool_run_crashes_protected[get_employee_info]" time="0.001" /><testcase classname="tests.unit.test_tool_full_sweep" name="test_tool_run_crashes_protected[get_employee_approval_history]" time="0.001" /><testcase classname="tests.unit.test_tool_full_sweep" name="test_tool_run_crashes_protected[get_performance_report]" time="0.001" /><testcase classname="tests.unit.test_tool_full_sweep" name="test_tool_run_crashes_protected[get_company_stats]" time="0.002" /><testcase classname="tests.unit.test_tool_full_sweep" name="test_tool_run_crashes_protected[query_knowledge_base]" time="0.001" /><testcase classname="tests.unit.test_tool_full_sweep" name="test_tool_run_crashes_protected[load_knowledge]" time="0.001" /><testcase classname="tests.unit.test_tool_full_sweep" name="test_tool_run_crashes_protected[award_badge]" time="0.001" /><testcase classname="tests.unit.test_tool_full_sweep" name="test_tool_run_crashes_protected[get_projects]" time="0.002" /><testcase classname="tests.unit.test_tool_full_sweep" name="test_tool_run_crashes_protected[create_project_event]" time="0.001" /><testcase classname="tests.unit.test_tool_full_sweep" name="test_tool_run_crashes_protected[create_project]" time="0.001" /><testcase classname="tests.unit.test_tool_full_sweep" name="test_tool_run_crashes_protected[generate_weekly_report]" time="0.003" /><testcase classname="tests.unit.test_tool_full_sweep" name="test_tool_run_crashes_protected[create_leave_request]" time="0.001" /><testcase classname="tests.unit.test_tool_full_sweep" name="test_tool_run_crashes_protected[query_leave_status]" time="0.002" /><testcase classname="tests.unit.test_tool_full_sweep" name="test_tool_run_crashes_protected[book_meeting]" time="0.002" /><testcase classname="tests.unit.test_tool_full_sweep" name="test_tool_run_crashes_protected[assign_task]" time="0.002" /><testcase classname="tests.unit.test_tool_full_sweep" name="test_tool_run_crashes_protected[create_work_handover]" time="0.002" /><testcase classname="tests.unit.test_tool_full_sweep" name="test_tool_run_crashes_protected[generate_onboarding_checklist]" time="0.002" /><testcase classname="tests.unit.test_tool_full_sweep" name="test_tool_run_crashes_protected[send_notification]" time="0.001" /><testcase classname="tests.unit.test_tool_full_sweep" name="test_tool_run_crashes_protected[get_calendar]" time="0.004" /><testcase classname="tests.unit.test_tool_full_sweep" name="test_tool_run_crashes_protected[create_calendar_event]" time="0.002" /><testcase classname="tests.unit.test_tool_full_sweep" name="test_tool_run_crashes_protected[update_calendar_event]" time="0.001" /><testcase classname="tests.unit.test_tool_full_sweep" name="test_tool_run_crashes_protected[create_expense_claim]" time="0.001" /><testcase classname="tests.unit.test_tool_full_sweep" name="test_tool_run_crashes_protected[query_expense_status]" time="0.002" /><testcase classname="tests.unit.test_tool_full_sweep" name="test_tool_run_crashes_protected[query_budget]" time="0.002" /><testcase classname="tests.unit.test_tool_full_sweep" name="test_tool_run_crashes_protected[query_salary]" time="0.002" /><testcase classname="tests.unit.test_tool_full_sweep" name="test_tool_run_crashes_protected[recognize_invoice]" time="0.001" /><testcase classname="tests.unit.test_tool_full_sweep" name="test_tool_run_crashes_protected[query_attendance]" time="0.002" /><testcase classname="tests.unit.test_tool_full_sweep" name="test_tool_run_crashes_protected[query_team_attendance]" time="2.201" /><testcase classname="tests.unit.test_tool_full_sweep" name="test_tool_run_crashes_protected[get_employee_profile]" time="0.002" /><testcase classname="tests.unit.test_tool_full_sweep" name="test_tool_run_crashes_protected[create_performance_review]" time="0.002" /><testcase classname="tests.unit.test_tool_full_sweep" name="test_tool_run_crashes_protected[manage_recruitment]" time="0.001" /><testcase classname="tests.unit.test_tool_full_sweep" name="test_tool_run_crashes_protected[smart_approve]" time="0.002" /><testcase classname="tests.unit.test_tool_full_sweep" name="test_tool_run_crashes_protected[get_daily_briefing]" time="0.002" /><testcase classname="tests.unit.test_tool_full_sweep" name="test_tool_run_crashes_protected[get_business_dashboard]" time="0.003" /><testcase classname="tests.unit.test_tool_full_sweep" name="test_tool_run_crashes_protected[get_team_insight]" time="0.003" /><testcase classname="tests.unit.test_tool_full_sweep" name="test_tool_run_crashes_protected[publish_announcement]" time="0.002" /><testcase classname="tests.unit.test_tool_full_sweep" name="test_tool_run_crashes_protected[generate_customer_profile]" time="0.001" /><testcase classname="tests.unit.test_tool_full_sweep" name="test_tool_run_crashes_protected[analyze_contract]" time="0.001" /><testcase classname="tests.unit.test_tool_full_sweep" name="test_tool_run_crashes_protected[get_customers]" time="0.002" /><testcase classname="tests.unit.test_tool_full_sweep" name="test_tool_run_crashes_protected[get_customer_detail]" time="0.001" /><testcase classname="tests.unit.test_tool_full_sweep" name="test_tool_run_crashes_protected[create_customer]" time="0.001" /><testcase classname="tests.unit.test_tool_full_sweep" name="test_tool_run_crashes_protected[update_customer]" time="0.001" /><testcase classname="tests.unit.test_tool_full_sweep" name="test_tool_run_crashes_protected[add_follow_up]" time="0.001" /><testcase classname="tests.unit.test_tool_full_sweep" name="test_tool_run_crashes_protected[get_follow_ups]" time="0.001" /><testcase classname="tests.unit.test_tool_full_sweep" name="test_tool_run_crashes_protected[update_customer_stage]" time="0.001" /><testcase classname="tests.unit.test_tool_full_sweep" name="test_tool_run_crashes_protected[get_sales_pipeline]" time="0.002" /><testcase classname="tests.unit.test_tool_full_sweep" name="test_tool_run_crashes_protected[get_contracts]" time="0.002" /><testcase classname="tests.unit.test_tool_full_sweep" name="test_tool_run_crashes_protected[create_contract]" time="0.001" /><testcase classname="tests.unit.test_tool_full_sweep" name="test_tool_run_crashes_protected[get_expiring_contracts]" time="0.002" /><testcase classname="tests.unit.test_tool_full_sweep" name="test_tool_run_crashes_protected[analyze_data_attribution]" time="0.002" /><testcase classname="tests.unit.test_tool_full_sweep" name="test_tool_run_crashes_protected[strategy_simulation]" time="0.001" /><testcase classname="tests.unit.test_tool_full_sweep" name="test_tool_run_crashes_protected[create_scheduled_task]" time="0.001" /><testcase classname="tests.unit.test_tool_full_sweep" name="test_tool_run_crashes_protected[list_scheduled_tasks]" time="0.059" /><testcase classname="tests.unit.test_tool_full_sweep" name="test_tool_run_crashes_protected[delete_scheduled_task]" time="0.002" /><testcase classname="tests.unit.test_tool_full_sweep" name="test_tool_run_crashes_protected[create_task]" time="0.002" /><testcase classname="tests.unit.test_tool_full_sweep" name="test_tool_run_crashes_protected[update_task]" time="0.001" /><testcase classname="tests.unit.test_tool_full_sweep" name="test_tool_run_crashes_protected[list_tasks]" time="0.007" /><testcase classname="tests.unit.test_tool_full_sweep" name="test_tool_run_crashes_protected[ask_user]" time="0.001" /><testcase classname="tests.unit.test_tool_full_sweep" name="test_tool_run_crashes_protected[compact_context]" time="0.001" /><testcase classname="tests.unit.test_tool_full_sweep" name="test_tool_run_crashes_protected[web_search]" time="0.001" /><testcase classname="tests.unit.test_tool_full_sweep" name="test_tool_run_crashes_protected[llm_task]" time="0.001" /><testcase classname="tests.unit.test_tool_full_sweep" name="test_tool_run_crashes_protected[search_bidding_projects]" time="0.001" /><testcase classname="tests.unit.test_tool_full_sweep" name="test_tool_run_crashes_protected[list_system_configs]" time="2.536" /><testcase classname="tests.unit.test_tool_full_sweep" name="test_tool_run_crashes_protected[update_system_config]" time="0.003" /><testcase classname="tests.unit.test_tool_full_sweep" name="test_tool_run_crashes_protected[list_departments]" time="0.336" /><testcase classname="tests.unit.test_tool_full_sweep" name="test_tool_run_crashes_protected[create_department]" time="0.002" /><testcase classname="tests.unit.test_tool_full_sweep" name="test_tool_run_crashes_protected[update_department]" time="0.002" /><testcase classname="tests.unit.test_tool_full_sweep" name="test_tool_run_crashes_protected[list_employees]" time="0.002" /><testcase classname="tests.unit.test_tool_full_sweep" name="test_tool_run_crashes_protected[get_employee_detail]" time="0.001" /><testcase classname="tests.unit.test_tool_full_sweep" name="test_tool_run_crashes_protected[create_employee]" time="0.001" /><testcase classname="tests.unit.test_tool_full_sweep" name="test_tool_run_crashes_protected[update_employee]" time="0.001" /><testcase classname="tests.unit.test_tool_full_sweep" name="test_tool_run_crashes_protected[org_statistics]" time="0.002" /><testcase classname="tests.unit.test_tool_full_sweep" name="test_tool_run_crashes_protected[get_org_tree]" time="0.002" /><testcase classname="tests.unit.test_tool_full_sweep" name="test_tool_run_crashes_protected[get_reporting_line]" time="0.001" /><testcase classname="tests.unit.test_tool_full_sweep" name="test_tool_run_crashes_protected[list_assets]" time="0.003" /><testcase classname="tests.unit.test_tool_full_sweep" name="test_tool_run_crashes_protected[get_asset_detail]" time="0.001" /><testcase classname="tests.unit.test_tool_full_sweep" name="test_tool_run_crashes_protected[create_asset]" time="0.002" /><testcase classname="tests.unit.test_tool_full_sweep" name="test_tool_run_crashes_protected[update_asset]" time="0.002" /><testcase classname="tests.unit.test_tool_full_sweep" name="test_tool_run_crashes_protected[transfer_asset]" time="0.001" /><testcase classname="tests.unit.test_tool_full_sweep" name="test_tool_run_crashes_protected[asset_statistics]" time="0.002" /><testcase classname="tests.unit.test_tool_full_sweep" name="test_tool_run_crashes_protected[create_work_order]" time="0.001" /><testcase classname="tests.unit.test_tool_full_sweep" name="test_tool_run_crashes_protected[list_work_orders]" time="0.003" /><testcase classname="tests.unit.test_tool_full_sweep" name="test_tool_run_crashes_protected[get_work_order_detail]" time="0.001" /><testcase classname="tests.unit.test_tool_full_sweep" name="test_tool_run_crashes_protected[update_work_order]" time="0.001" /><testcase classname="tests.unit.test_tool_full_sweep" name="test_tool_run_crashes_protected[work_order_statistics]" time="0.003" /><testcase classname="tests.unit.test_tool_full_sweep" name="test_tool_run_crashes_protected[clock_in_out]" time="0.001" /><testcase classname="tests.unit.test_tool_full_sweep" name="test_tool_run_crashes_protected[get_attendance_record]" time="0.003" /><testcase classname="tests.unit.test_tool_full_sweep" name="test_tool_run_crashes_protected[create_shift_schedule]" time="0.002" /><testcase classname="tests.unit.test_tool_full_sweep" name="test_tool_run_crashes_protected[list_shift_schedules]" time="0.003" /><testcase classname="tests.unit.test_tool_full_sweep" name="test_tool_run_crashes_protected[attendance_statistics]" time="0.003" /><testcase classname="tests.unit.test_tool_full_sweep" name="test_tool_run_crashes_protected[request_leave]" time="0.001" /><testcase classname="tests.unit.test_tool_full_sweep" name="test_tool_run_crashes_protected[submit_expense]" time="0.001" /><testcase classname="tests.unit.test_tool_full_sweep" name="test_tool_run_crashes_protected[list_expenses]" time="0.003" /><testcase classname="tests.unit.test_tool_full_sweep" name="test_tool_run_crashes_protected[approve_expense]" time="0.001" /><testcase classname="tests.unit.test_tool_full_sweep" name="test_tool_run_crashes_protected[check_budget]" time="0.002" /><testcase classname="tests.unit.test_tool_full_sweep" name="test_tool_run_crashes_protected[list_inventory]" time="0.003" /><testcase classname="tests.unit.test_tool_full_sweep" name="test_tool_run_crashes_protected[inventory_in]" time="0.001" /><testcase classname="tests.unit.test_tool_full_sweep" name="test_tool_run_crashes_protected[inventory_out]" time="0.001" /><testcase classname="tests.unit.test_tool_full_sweep" name="test_tool_run_crashes_protected[inventory_statistics]" time="0.002" /><testcase classname="tests.unit.test_tool_full_sweep" name="test_tool_run_crashes_protected[list_certificates]" time="0.003" /><testcase classname="tests.unit.test_tool_full_sweep" name="test_tool_run_crashes_protected[create_certificate]" time="0.001" /><testcase classname="tests.unit.test_tool_full_sweep" name="test_tool_run_crashes_protected[expiring_certificates]" time="0.003" /><testcase classname="tests.unit.test_tool_full_sweep" name="test_tool_run_crashes_protected[renew_certificate]" time="0.001" /><testcase classname="tests.unit.test_tool_full_sweep" name="test_tool_run_crashes_protected[list_approval_flows]" time="0.002" /><testcase classname="tests.unit.test_tool_full_sweep" name="test_tool_run_crashes_protected[create_approval_flow]" time="0.001" /><testcase classname="tests.unit.test_tool_full_sweep" name="test_tool_run_crashes_protected[smart_report]" time="0.002" /><testcase classname="tests.unit.test_tool_full_sweep" name="test_tool_run_crashes_protected[anomaly_detection]" time="0.002" /><testcase classname="tests.unit.test_tool_full_sweep" name="test_tool_run_crashes_protected[predictive_maintenance]" time="0.002" /><testcase classname="tests.unit.test_tool_full_sweep" name="test_tool_run_crashes_protected[auto_dispatch]" time="0.001" /><testcase classname="tests.unit.test_tool_full_sweep" name="test_tool_run_crashes_protected[meeting_summary]" time="0.001" /><testcase classname="tests.unit.test_tool_full_sweep" name="test_tool_run_crashes_protected[onboarding_assistant]" time="0.001" /><testcase classname="tests.unit.test_tool_full_sweep" name="test_tool_run_crashes_protected[process_onboarding]" time="0.253" /><testcase classname="tests.unit.test_tool_full_sweep" name="test_tool_run_crashes_protected[process_resignation]" time="0.001" /><testcase classname="tests.unit.test_tool_full_sweep" name="test_tool_run_crashes_protected[process_asset_lifecycle]" time="0.001" /><testcase classname="tests.unit.test_tool_full_sweep" name="test_tool_run_crashes_protected[query_audit_logs]" time="1.493" /><testcase classname="tests.unit.test_tool_full_sweep" name="test_tool_run_crashes_protected[get_user_preferences]" time="0.002" /><testcase classname="tests.unit.test_tool_full_sweep" name="test_tool_run_crashes_protected[update_user_preferences]" time="0.001" /><testcase classname="tests.unit.test_tool_resilience.TestToolTimeout" name="test_tool_timeout_caught" time="6.067" /><testcase classname="tests.unit.test_tool_resilience.TestToolException" name="test_tool_exception_sets_error_status" time="3.006" /><testcase classname="tests.unit.test_tool_resilience.TestToolException" name="test_tool_exception_result_contains_error_message" time="3.018" /><testcase classname="tests.unit.test_tool_resilience.TestToolNoneReturn" name="test_none_return_handled_gracefully" time="0.002" /><testcase classname="tests.unit.test_tool_resilience.TestToolNotFound" name="test_unknown_tool_returns_error" time="0.021" /><testcase classname="tests.unit.test_tool_resilience.TestCircuitBreaker" name="test_circuit_breaker_open_blocks_tool" time="0.001" /><testcase classname="tests.unit.test_tool_resilience.TestIdempotency" name="test_cached_result_returned" time="0.001" /><testcase classname="tests.unit.test_tool_resilience.TestExecuteNodeTimeout" name="test_gather_timeout_sets_error_phase" time="1.009" /><testcase classname="tests.unit.test_tool_resilience.TestErrorNode" name="test_level_0_recovery" time="0.003" /><testcase classname="tests.unit.test_tool_resilience.TestErrorNode" name="test_level_1_recovery" time="1.366" /><testcase classname="tests.unit.test_tool_resilience.TestErrorNode" name="test_level_2_gives_up" time="0.002" /><testcase classname="tests.unit.test_vector_service" name="test_rrf_fusion_logic" time="0.000" /><testcase classname="tests.unit.test_vector_service" name="test_rrf_empty" time="0.000" /><testcase classname="tests.integration.test_api_integration" name="test_health_check_endpoint" time="0.007"><failure message="AssertionError: assert 'starting' == 'ok'&#10;  &#10;  #x1B[0m#x1B[91m- ok#x1B[39;49;00m#x1B[90m#x1B[39;49;00m&#10;  #x1B[92m+ starting#x1B[39;49;00m#x1B[90m#x1B[39;49;00m">tests\integration\test_api_integration.py:33: in test_health_check_endpoint
    assert response.json()["status"] == "ok"
E   AssertionError: assert 'starting' == 'ok'
E     
E     #x1B[0m#x1B[91m- ok#x1B[39;49;00m#x1B[90m#x1B[39;49;00m
E     #x1B[92m+ starting#x1B[39;49;00m#x1B[90m#x1B[39;49;00m</failure></testcase><testcase classname="tests.integration.test_api_integration" name="test_chat_stream_endpoint_integration" time="0.001"><failure message="AttributeError: &lt;module 'app.core.auth' from 'C:\\Users\\Fei\\Desktop\\AI应用\\nexus-ai-command\\nexus_backend\\app\\core\\auth.py'&gt; does not have the attribute 'get_current_user'">tests\integration\test_api_integration.py:43: in test_chat_stream_endpoint_integration
    with patch("app.core.auth.get_current_user", return_value=mock_auth_user), \
         ^^^^^^^^^^^^^^^^^^^^^^^^^^^^^^^^^^^^^^^^^^^^^^^^^^^^^^^^^^^^^^^^^^^^
..\..\..\..\AppData\Local\Programs\Python\Python314\Lib\unittest\mock.py:1503: in __enter__
    original, local = self.get_original()
                      ^^^^^^^^^^^^^^^^^^^
..\..\..\..\AppData\Local\Programs\Python\Python314\Lib\unittest\mock.py:1473: in get_original
    raise AttributeError(
E   AttributeError: &lt;module 'app.core.auth' from 'C:\\Users\\Fei\\Desktop\\AI应用\\nexus-ai-command\\nexus_backend\\app\\core\\auth.py'&gt; does not have the attribute 'get_current_user'</failure></testcase><testcase classname="tests.integration.test_approval_chain.TestAdvanceStep" name="test_advance_with_approver_node" time="0.001"><failure message="RuntimeError: Approval req-001 was modified concurrently, please retry">tests\integration\test_approval_chain.py:71: in test_advance_with_approver_node
    result = await service.advance_step(
app\services\approval_chain.py:878: in advance_step
    raise RuntimeError(f"Approval {request_id} was modified concurrently, please retry")
E   RuntimeError: Approval req-001 was modified concurrently, please retry</failure></testcase><testcase classname="tests.integration.test_approval_chain.TestAdvanceStep" name="test_advance_rejection_sets_rejected" time="0.001"><failure message="RuntimeError: Approval req-002 was modified concurrently, please retry">tests\integration\test_approval_chain.py:102: in test_advance_rejection_sets_rejected
    result = await service.advance_step(
app\services\approval_chain.py:626: in advance_step
    raise RuntimeError(f"Approval {request_id} was modified concurrently, please retry")
E   RuntimeError: Approval req-002 was modified concurrently, please retry</failure></testcase><testcase classname="tests.integration.test_approval_chain.TestAdvanceStep" name="test_advance_already_processed_raises" time="0.001" /><testcase classname="tests.integration.test_approval_chain.TestAdvanceStep" name="test_advance_not_found_raises" time="0.001" /><testcase classname="tests.integration.test_approval_chain.TestAdvanceStep" name="test_advance_no_chain_id_auto_approves" time="0.001"><failure message="RuntimeError: Approval req-004 was modified concurrently, please retry">tests\integration\test_approval_chain.py:169: in test_advance_no_chain_id_auto_approves
    result = await service.advance_step(
app\services\approval_chain.py:878: in advance_step
    raise RuntimeError(f"Approval {request_id} was modified concurrently, please retry")
[...]
    _assert_auth_rejected(resp)
tests\integration\test_vmd_integration.py:87: in _assert_auth_rejected
    assert resp.status_code in (401, 403, 500), (
E   AssertionError: Expected auth rejection (401/403/500), got 404
E   assert 404 in (401, 403, 500)
E    +  where 404 = &lt;Response [404 Not Found]&gt;.status_code</failure></testcase><testcase classname="tests.integration.test_vmd_integration.TestLLMModelsAuth" name="test_create_model_no_auth" time="0.007"><failure message="AssertionError: Expected auth rejection (401/403/500), got 404&#10;assert 404 in (401, 403, 500)&#10; +  where 404 = &lt;Response [404 Not Found]&gt;.status_code">tests\integration\test_vmd_integration.py:889: in test_create_model_no_auth
    _assert_auth_rejected(resp)
tests\integration\test_vmd_integration.py:87: in _assert_auth_rejected
    assert resp.status_code in (401, 403, 500), (
E   AssertionError: Expected auth rejection (401/403/500), got 404
E   assert 404 in (401, 403, 500)
E    +  where 404 = &lt;Response [404 Not Found]&gt;.status_code</failure></testcase><testcase classname="tests.integration.test_vmd_integration.TestLLMModelsAuth" name="test_list_schedule_rules_no_auth" time="1.701"><failure message="AssertionError: Expected auth rejection (401/403/500), got 404&#10;assert 404 in (401, 403, 500)&#10; +  where 404 = &lt;Response [404 Not Found]&gt;.status_code">tests\integration\test_vmd_integration.py:895: in test_list_schedule_rules_no_auth
    _assert_auth_rejected(resp)
tests\integration\test_vmd_integration.py:87: in _assert_auth_rejected
    assert resp.status_code in (401, 403, 500), (
E   AssertionError: Expected auth rejection (401/403/500), got 404
E   assert 404 in (401, 403, 500)
E    +  where 404 = &lt;Response [404 Not Found]&gt;.status_code</failure></testcase><testcase classname="tests.integration.test_vmd_integration.TestLLMModelsBadToken" name="test_list_models_bad_token" time="0.007"><failure message="AssertionError: Unexpected status 404: {&quot;detail&quot;: &quot;Not Found&quot;}&#10;assert 404 in (200, 422, 503)&#10; +  where 404 = &lt;Response [404 Not Found]&gt;.status_code">tests\integration\test_vmd_integration.py:911: in test_list_models_bad_token
    _assert_db_error_or_auth_failure(resp)
tests\integration\test_vmd_integration.py:107: in _assert_db_error_or_auth_failure
    assert resp.status_code in (200, 422, 503), (
E   AssertionError: Unexpected status 404: {"detail": "Not Found"}
E   assert 404 in (200, 422, 503)
E    +  where 404 = &lt;Response [404 Not Found]&gt;.status_code</failure></testcase><testcase classname="tests.integration.test_vmd_integration.TestLLMModelsBadToken" name="test_create_model_bad_token" time="1.895"><failure message="AssertionError: Unexpected status 404: {&quot;detail&quot;: &quot;Not Found&quot;}&#10;assert 404 in (200, 422, 503)&#10; +  where 404 = &lt;Response [404 Not Found]&gt;.status_code">tests\integration\test_vmd_integration.py:927: in test_create_model_bad_token
    _assert_db_error_or_auth_failure(resp)
tests\integration\test_vmd_integration.py:107: in _assert_db_error_or_auth_failure
    assert resp.status_code in (200, 422, 503), (
E   AssertionError: Unexpected status 404: {"detail": "Not Found"}
E   assert 404 in (200, 422, 503)
E    +  where 404 = &lt;Response [404 Not Found]&gt;.status_code</failure></testcase><testcase classname="tests.integration.test_vmd_integration.TestLLMModelsBadToken" name="test_list_schedule_rules_bad_token" time="0.007"><failure message="AssertionError: Unexpected status 404: {&quot;detail&quot;: &quot;Not Found&quot;}&#10;assert 404 in (200, 422, 503)&#10; +  where 404 = &lt;Response [404 Not Found]&gt;.status_code">tests\integration\test_vmd_integration.py:934: in test_list_schedule_rules_bad_token
    _assert_db_error_or_auth_failure(resp)
tests\integration\test_vmd_integration.py:107: in _assert_db_error_or_auth_failure
    assert resp.status_code in (200, 422, 503), (
E   AssertionError: Unexpected status 404: {"detail": "Not Found"}
E   assert 404 in (200, 422, 503)
E    +  where 404 = &lt;Response [404 Not Found]&gt;.status_code</failure></testcase><testcase classname="tests.integration.test_vmd_integration.TestLLMModelsValidation" name="test_create_model_empty_body" time="1.868"><failure message="assert 404 in (401, 403, 422, 500)&#10; +  where 404 = &lt;Response [404 Not Found]&gt;.status_code">tests\integration\test_vmd_integration.py:953: in test_create_model_empty_body
    assert resp.status_code in (401, 403, 422, 500)
E   assert 404 in (401, 403, 422, 500)
E    +  where 404 = &lt;Response [404 Not Found]&gt;.status_code</failure></testcase><testcase classname="tests.integration.test_vmd_integration.TestLLMModelsValidation" name="test_create_model_missing_required_fields" time="0.007"><failure message="assert 404 in (401, 403, 422, 500)&#10; +  where 404 = &lt;Response [404 Not Found]&gt;.status_code">tests\integration\test_vmd_integration.py:963: in test_create_model_missing_required_fields
    assert resp.status_code in (401, 403, 422, 500)
E   assert 404 in (401, 403, 422, 500)
E    +  where 404 = &lt;Response [404 Not Found]&gt;.status_code</failure></testcase><testcase classname="tests.integration.test_vmd_integration.TestLLMModelsValidation" name="test_create_model_invalid_temperature" time="1.793"><failure message="assert 404 in (401, 403, 422, 500)&#10; +  where 404 = &lt;Response [404 Not Found]&gt;.status_code">tests\integration\test_vmd_integration.py:981: in test_create_model_invalid_temperature
    assert resp.status_code in (401, 403, 422, 500)
E   assert 404 in (401, 403, 422, 500)
E    +  where 404 = &lt;Response [404 Not Found]&gt;.status_code</failure></testcase><testcase classname="tests.integration.test_vmd_integration.TestLLMModelsValidation" name="test_create_model_invalid_timeout" time="0.058"><failure message="assert 404 in (401, 403, 422, 500)&#10; +  where 404 = &lt;Response [404 Not Found]&gt;.status_code">tests\integration\test_vmd_integration.py:999: in test_create_model_invalid_timeout
    assert resp.status_code in (401, 403, 422, 500)
E   assert 404 in (401, 403, 422, 500)
E    +  where 404 = &lt;Response [404 Not Found]&gt;.status_code</failure></testcase><testcase classname="tests.integration.test_vmd_integration.TestLLMModelsValidation" name="test_list_models_invalid_page" time="1.867"><failure message="assert 404 in (401, 403, 422, 500)&#10; +  where 404 = &lt;Response [404 Not Found]&gt;.status_code">tests\integration\test_vmd_integration.py:1007: in test_list_models_invalid_page
    assert resp.status_code in (401, 403, 422, 500)
E   assert 404 in (401, 403, 422, 500)
E    +  where 404 = &lt;Response [404 Not Found]&gt;.status_code</failure></testcase><testcase classname="tests.integration.test_vmd_integration.TestLLMModelsValidation" name="test_list_models_page_size_too_large" time="0.007"><failure message="assert 404 in (401, 403, 422, 500)&#10; +  where 404 = &lt;Response [404 Not Found]&gt;.status_code">tests\integration\test_vmd_integration.py:1015: in test_list_models_page_size_too_large
    assert resp.status_code in (401, 403, 422, 500)
E   assert 404 in (401, 403, 422, 500)
E    +  where 404 = &lt;Response [404 Not Found]&gt;.status_code</failure></testcase><testcase classname="tests.integration.test_vmd_integration.TestLLMModelsValidation" name="test_list_models_with_filters" time="1.870" /><testcase classname="tests.integration.test_vmd_integration.TestLLMModelsValidation" name="test_list_schedule_rules_response_is_json" time="0.006" /><testcase classname="tests.integration.test_vmd_integration.TestLLMModelsValidation" name="test_list_schedule_rules_invalid_page" time="2.029"><failure message="assert 404 in (401, 403, 422, 500)&#10; +  where 404 = &lt;Response [404 Not Found]&gt;.status_code">tests\integration\test_vmd_integration.py:1040: in test_list_schedule_rules_invalid_page
    assert resp.status_code in (401, 403, 422, 500)
E   assert 404 in (401, 403, 422, 500)
E    +  where 404 = &lt;Response [404 Not Found]&gt;.status_code</failure></testcase><testcase classname="tests.integration.test_vmd_integration.TestLLMModelsResponseFormat" name="test_list_models_response_is_json" time="0.006" /><testcase classname="tests.integration.test_vmd_integration.TestLLMModelsResponseFormat" name="test_create_model_response_is_json" time="1.996" /><testcase classname="tests.integration.test_vmd_integration.TestVMDSecurityHeaders" name="test_security_headers_on_vmd_tasks" time="0.006" /><testcase classname="tests.integration.test_vmd_integration.TestVMDSecurityHeaders" name="test_security_headers_on_vmd_compliance" time="1.902" /><testcase classname="tests.integration.test_vmd_integration.TestVMDSecurityHeaders" name="test_security_headers_on_vmd_clues" time="0.006" /><testcase classname="tests.integration.test_vmd_integration.TestVMDSecurityHeaders" name="test_security_headers_on_vmd_dashboard" time="1.630" /><testcase classname="tests.integration.test_vmd_integration.TestVMDSecurityHeaders" name="test_security_headers_on_llm_models" time="0.007" /><testcase classname="tests.integration.test_vmd_integration.TestVMDSecurityHeaders" name="test_request_id_on_vmd_routes" time="2.710" /><testcase classname="tests.integration.test_vmd_integration.TestVMDSecurityHeaders" name="test_custom_request_id_echoed_on_vmd" time="0.006" /><testcase classname="tests.integration.test_vmd_integration.TestVMDRateLimitHeaders" name="test_rate_limit_headers_on_vmd_tasks" time="1.582" /><testcase classname="tests.integration.test_vmd_integration.TestVMDRateLimitHeaders" name="test_rate_limit_headers_on_llm_models" time="0.007" /><testcase classname="tests.integration.test_vmd_integration.TestVMDRateLimitHeaders" name="test_rate_limit_headers_on_dashboard" time="1.649" /><testcase classname="tests.integration.test_vmd_integration.TestVMDRouteRegistration" name="test_vmd_tasks_route_exists" time="0.006" /><testcase classname="tests.integration.test_vmd_integration.TestVMDRouteRegistration" name="test_vmd_compliance_rules_route_exists" time="1.624" /><testcase classname="tests.integration.test_vmd_integration.TestVMDRouteRegistration" name="test_vmd_compliance_check_route_exists" time="0.007"><failure message="AssertionError: VMD compliance check route should be registered&#10;assert 404 != 404&#10; +  where 404 = &lt;Response [404 Not Found]&gt;.status_code">tests\integration\test_vmd_integration.py:1184: in test_vmd_compliance_check_route_exists
    assert resp.status_code != 404, "VMD compliance check route should be registered"
E   AssertionError: VMD compliance check route should be registered
E   assert 404 != 404
E    +  where 404 = &lt;Response [404 Not Found]&gt;.status_code</failure></testcase><testcase classname="tests.integration.test_vmd_integration.TestVMDRouteRegistration" name="test_vmd_compliance_history_route_exists" time="2.586" /><testcase classname="tests.integration.test_vmd_integration.TestVMDRouteRegistration" name="test_vmd_clues_route_exists" time="0.006" /><testcase classname="tests.integration.test_vmd_integration.TestVMDRouteRegistration" name="test_vmd_dashboard_stats_route_exists" time="1.833" /><testcase classname="tests.integration.test_vmd_integration.TestVMDRouteRegistration" name="test_vmd_dashboard_task_trend_route_exists" time="0.007"><failure message="AssertionError: VMD dashboard task-trend route should be registered&#10;assert 404 != 404&#10; +  where 404 = &lt;Response [404 Not Found]&gt;.status_code">tests\integration\test_vmd_integration.py:1204: in test_vmd_dashboard_task_trend_route_exists
    assert resp.status_code != 404, "VMD dashboard task-trend route should be registered"
E   AssertionError: VMD dashboard task-trend route should be registered
E   assert 404 != 404
E    +  where 404 = &lt;Response [404 Not Found]&gt;.status_code</failure></testcase><testcase classname="tests.integration.test_vmd_integration.TestVMDRouteRegistration" name="test_vmd_dashboard_agent_workload_route_exists" time="1.555"><failure message="AssertionError: VMD dashboard agent-workload route should be registered&#10;assert 404 != 404&#10; +  where 404 = &lt;Response [404 Not Found]&gt;.status_code">tests\integration\test_vmd_integration.py:1209: in test_vmd_dashboard_agent_workload_route_exists
    assert resp.status_code != 404, "VMD dashboard agent-workload route should be registered"
E   AssertionError: VMD dashboard agent-workload route should be registered
E   assert 404 != 404
E    +  where 404 = &lt;Response [404 Not Found]&gt;.status_code</failure></testcase><testcase classname="tests.integration.test_vmd_integration.TestVMDRouteRegistration" name="test_vmd_dashboard_scene_distribution_route_exists" time="0.007"><failure message="AssertionError: VMD dashboard scene-distribution route should be registered&#10;assert 404 != 404&#10; +  where 404 = &lt;Response [404 Not Found]&gt;.status_code">tests\integration\test_vmd_integration.py:1214: in test_vmd_dashboard_scene_distribution_route_exists
    assert resp.status_code != 404, "VMD dashboard scene-distribution route should be registered"
E   AssertionError: VMD dashboard scene-distribution route should be registered
E   assert 404 != 404
E    +  where 404 = &lt;Response [404 Not Found]&gt;.status_code</failure></testcase><testcase classname="tests.integration.test_vmd_integration.TestVMDRouteRegistration" name="test_llm_models_route_exists" time="1.572"><failure message="AssertionError: LLM models route should be registered&#10;assert 404 != 404&#10; +  where 404 = &lt;Response [404 Not Found]&gt;.status_code">tests\integration\test_vmd_integration.py:1219: in test_llm_models_route_exists
    assert resp.status_code != 404, "LLM models route should be registered"
E   AssertionError: LLM models route should be registered
E   assert 404 != 404
E    +  where 404 = &lt;Response [404 Not Found]&gt;.status_code</failure></testcase><testcase classname="tests.integration.test_vmd_integration.TestVMDRouteRegistration" name="test_llm_schedule_rules_route_exists" time="0.006"><failure message="AssertionError: LLM schedule-rules route should be registered&#10;assert 404 != 404&#10; +  where 404 = &lt;Response [404 Not Found]&gt;.status_code">tests\integration\test_vmd_integration.py:1224: in test_llm_schedule_rules_route_exists
    assert resp.status_code != 404, "LLM schedule-rules route should be registered"
E   AssertionError: LLM schedule-rules route should be registered
E   assert 404 != 404
E    +  where 404 = &lt;Response [404 Not Found]&gt;.status_code</failure></testcase><testcase classname="tests.integration.test_vmd_integration.TestVMDRouteRegistration" name="test_vmd_sub_task_audit_route_exists" time="1.603"><failure message="AssertionError: VMD sub-task audit route should be registered&#10;assert 404 != 404&#10; +  where 404 = &lt;Response [404 Not Found]&gt;.status_code">tests\integration\test_vmd_integration.py:1232: in test_vmd_sub_task_audit_route_exists
    assert resp.status_code != 404, "VMD sub-task audit route should be registered"
E   AssertionError: VMD sub-task audit route should be registered
E   assert 404 != 404
E    +  where 404 = &lt;Response [404 Not Found]&gt;.status_code</failure></testcase><testcase classname="tests.integration.test_vmd_integration.TestVMDRouteRegistration" name="test_vmd_task_pause_route_exists" time="0.006"><failure message="AssertionError: VMD task pause route should be registered&#10;assert 404 != 404&#10; +  where 404 = &lt;Response [404 Not Found]&gt;.status_code">tests\integration\test_vmd_integration.py:1237: in test_vmd_task_pause_route_exists
    assert resp.status_code != 404, "VMD task pause route should be registered"
E   AssertionError: VMD task pause route should be registered
E   assert 404 != 404
E    +  where 404 = &lt;Response [404 Not Found]&gt;.status_code</failure></testcase><testcase classname="tests.integration.test_vmd_integration.TestVMDRouteRegistration" name="test_vmd_task_cancel_route_exists" time="1.577"><failure message="AssertionError: VMD task cancel route should be registered&#10;assert 404 != 404&#10; +  where 404 = &lt;Response [404 Not Found]&gt;.status_code">tests\integration\test_vmd_integration.py:1242: in test_vmd_task_cancel_route_exists
    assert resp.status_code != 404, "VMD task cancel route should be registered"
E   AssertionError: VMD task cancel route should be registered
E   assert 404 != 404
E    +  where 404 = &lt;Response [404 Not Found]&gt;.status_code</failure></testcase><testcase classname="tests.integration.test_vmd_integration.TestVMDRouteRegistration" name="test_vmd_clue_follow_up_route_exists" time="0.006"><failure message="AssertionError: VMD clue follow-up route should be registered&#10;assert 404 != 404&#10; +  where 404 = &lt;Response [404 Not Found]&gt;.status_code">tests\integration\test_vmd_integration.py:1250: in test_vmd_clue_follow_up_route_exists
    assert resp.status_code != 404, "VMD clue follow-up route should be registered"
E   AssertionError: VMD clue follow-up route should be registered
E   assert 404 != 404
E    +  where 404 = &lt;Response [404 Not Found]&gt;.status_code</failure></testcase><testcase classname="tests.integration.test_vmd_integration.TestVMDRouteRegistration" name="test_llm_create_model_route_exists" time="2.598"><failure message="AssertionError: LLM create model route should be registered&#10;assert 404 != 404&#10; +  where 404 = &lt;Response [404 Not Found]&gt;.status_code">tests\integration\test_vmd_integration.py:1265: in test_llm_create_model_route_exists
    assert resp.status_code != 404, "LLM create model route should be registered"
E   AssertionError: LLM create model route should be registered
E   assert 404 != 404
E    +  where 404 = &lt;Response [404 Not Found]&gt;.status_code</failure></testcase><testcase classname="tests.integration.test_vmd_regression" name="test_generate_product_manual_flow" time="0.001"><failure message="KeyError: &quot;Tool 'generate_product_manual' not registered in _TOOL_MODULES&quot;">tests\integration\test_vmd_regression.py:23: in test_generate_product_manual_flow
    tool = _load_tool("generate_product_manual")
           ^^^^^^^^^^^^^^^^^^^^^^^^^^^^^^^^^^^^^
tests\e2e\test_tool_e2e_regression.py:123: in _load_tool
    raise KeyError(f"Tool '{tool_name}' not registered in _TOOL_MODULES")
E   KeyError: "Tool 'generate_product_manual' not registered in _TOOL_MODULES"</failure></testcase><testcase classname="tests.integration.test_vmd_regression" name="test_generate_whitepaper_flow" time="0.001"><failure message="KeyError: &quot;Tool 'generate_whitepaper' not registered in _TOOL_MODULES&quot;">tests\integration\test_vmd_regression.py:44: in test_generate_whitepaper_flow
    tool = _load_tool("generate_whitepaper")
           ^^^^^^^^^^^^^^^^^^^^^^^^^^^^^^^^^
tests\e2e\test_tool_e2e_regression.py:123: in _load_tool
    raise KeyError(f"Tool '{tool_name}' not registered in _TOOL_MODULES")
E   KeyError: "Tool 'generate_whitepaper' not registered in _TOOL_MODULES"</failure></testcase><testcase classname="tests.integration.test_vmd_regression" name="test_generate_social_post_variants" time="0.003"><failure message="KeyError: &quot;Tool 'generate_social_post' not registered in _TOOL_MODULES&quot;">tests\integration\test_vmd_regression.py:60: in test_generate_social_post_variants
    tool = _load_tool("generate_social_post")
           ^^^^^^^^^^^^^^^^^^^^^^^^^^^^^^^^^^
tests\e2e\test_tool_e2e_regression.py:123: in _load_tool
    raise KeyError(f"Tool '{tool_name}' not registered in _TOOL_MODULES")
E   KeyError: "Tool 'generate_social_post' not registered in _TOOL_MODULES"</failure></testcase></testsuite></testsuites>