{"numTotalTestSuites":54,"numPassedTestSuites":52,"numFailedTestSuites":2,"numPendingTestSuites":0,"numTotalTests":123,"numPassedTests":119,"numFailedTests":4,"numPendingTests":0,"numTodoTests":0,"snapshot":{"added":0,"failure":false,"filesAdded":0,"filesRemoved":0,"filesRemovedList":[],"filesUnmatched":0,"filesUpdated":0,"matched":0,"total":0,"unchecked":0,"uncheckedKeysByFile":[],"unmatched":0,"updated":0,"didUpdate":false},"startTime":1774935946283,"success":false,"testResults":[{"assertionResults":[{"ancestorTitles":["DataChart"],"fullName":"DataChart renders bar chart with title and data","status":"passed","title":"renders bar chart with title and data","duration":36.5643,"failureMessages":[],"meta":{},"tags":[]},{"ancestorTitles":["DataChart"],"fullName":"DataChart renders with empty data without crashing","status":"passed","title":"renders with empty data without crashing","duration":1.6402000000000498,"failureMessages":[],"meta":{},"tags":[]},{"ancestorTitles":["DataTable"],"fullName":"DataTable renders columns and rows correctly","status":"passed","title":"renders columns and rows correctly","duration":185.48659999999995,"failureMessages":[],"meta":{},"tags":[]},{"ancestorTitles":["DataTable"],"fullName":"DataTable handles empty rows gracefully","status":"passed","title":"handles empty rows gracefully","duration":1.2238000000002103,"failureMessages":[],"meta":{},"tags":[]},{"ancestorTitles":["StatCards"],"fullName":"StatCards renders cards with values and trends","status":"passed","title":"renders cards with values and trends","duration":20.071300000000065,"failureMessages":[],"meta":{},"tags":[]},{"ancestorTitles":["StatCards"],"fullName":"StatCards returns null for empty cards array","status":"passed","title":"returns null for empty cards array","duration":0.9614000000001397,"failureMessages":[],"meta":{},"tags":[]},{"ancestorTitles":["Timeline"],"fullName":"Timeline renders timeline items with status","status":"passed","title":"renders timeline items with status","duration":9.697999999999865,"failureMessages":[],"meta":{},"tags":[]},{"ancestorTitles":["Timeline"],"fullName":"Timeline returns null for empty items","status":"passed","title":"returns null for empty items","duration":0.7237999999997555,"failureMessages":[],"meta":{},"tags":[]},{"ancestorTitles":["TodoList"],"fullName":"TodoList renders todo items with priority","status":"passed","title":"renders todo items with priority","duration":10.739100000000235,"failureMessages":[],"meta":{},"tags":[]},{"ancestorTitles":["TodoList"],"fullName":"TodoList returns null for empty items","status":"passed","title":"returns null for empty items","duration":0.6591000000003078,"failureMessages":[],"meta":{},"tags":[]},{"ancestorTitles":["PieChart (GenUI)"],"fullName":"PieChart (GenUI) renders pie chart with data slices","status":"passed","title":"renders pie chart with data slices","duration":8.62039999999979,"failureMessages":[],"meta":{},"tags":[]},{"ancestorTitles":["PieChart (GenUI)"],"fullName":"PieChart (GenUI) returns null for empty data","status":"passed","title":"returns null for empty data","duration":0.4814000000001215,"failureMessages":[],"meta":{},"tags":[]},{"ancestorTitles":["AlertList"],"fullName":"AlertList renders alerts with different levels","status":"passed","title":"renders alerts with different levels","duration":7.238100000000031,"failureMessages":[],"meta":{},"tags":[]},{"ancestorTitles":["KanbanBoard"],"fullName":"KanbanBoard renders stage columns","status":"passed","title":"renders stage columns","duration":9.716799999999694,"failureMessages":[],"meta":{},"tags":[]},{"ancestorTitles":["GenUI Error Boundary Behavior"],"fullName":"GenUI Error Boundary Behavior DataChart handles malformed data without crashing","status":"passed","title":"DataChart handles malformed data without crashing","duration":0.8659999999999854,"failureMessages":[],"meta":{},"tags":[]},{"ancestorTitles":["GenUI Error Boundary Behavior"],"fullName":"GenUI Error Boundary Behavior StatCards handles undefined cards without crashing","status":"passed","title":"StatCards handles undefined cards without crashing","duration":0.4807999999998174,"failureMessages":[],"meta":{},"tags":[]},{"ancestorTitles":["GenUI Error Boundary Behavior"],"fullName":"GenUI Error Boundary Behavior Timeline handles undefined items without crashing","status":"passed","title":"Timeline handles undefined items without crashing","duration":0.44299999999975626,"failureMessages":[],"meta":{},"tags":[]},{"ancestorTitles":["GenUI Error Boundary Behavior"],"fullName":"GenUI Error Boundary Behavior TodoList handles undefined items without crashing","status":"passed","title":"TodoList handles undefined items without crashing","duration":0.44929999999976644,"failureMessages":[],"meta":{},"tags":[]},{"ancestorTitles":["GenUI Error Boundary Behavior"],"fullName":"GenUI Error Boundary Behavior PieChart handles undefined data without crashing","status":"passed","title":"PieChart handles undefined data without crashing","duration":0.47859999999991487,"failureMessages":[],"meta":{},"tags":[]},{"ancestorTitles":["GenUI Error Boundary Behavior"],"fullName":"GenUI Error Boundary Behavior DataTable renders with missing column keys in rows","status":"passed","title":"DataTable renders with missing column keys in rows","duration":1.175799999999981,"failureMessages":[],"meta":{},"tags":[]},{"ancestorTitles":["ApprovalCenter"],"fullName":"ApprovalCenter module is importable without crashing","status":"passed","title":"module is importable without crashing","duration":337.55520000000024,"failureMessages":[],"meta":{},"tags":[]}],"startTime":1774935948174,"endTime":1774935948809.5552,"status":"passed","message":"","name":"C:/Users/Fei/Desktop/AI应用/nexus-ai-command/src/__tests__/GenUIComponents.test.tsx"},{"assertionResults":[{"ancestorTitles":["审批提交流程测试"],"fullName":"审批提交流程测试 选择审批类型后填写信息并提交","status":"passed","title":"选择审批类型后填写信息并提交","duration":253.10720000000015,"failureMessages":[],"meta":{},"tags":[]},{"ancestorTitles":["审批提交流程测试"],"fullName":"审批提交流程测试 未选类型时点击提交应提示错误","status":"passed","title":"未选类型时点击提交应提示错误","duration":9.610000000000127,"failureMessages":[],"meta":{},"tags":[]},{"ancestorTitles":["审批提交流程测试"],"fullName":"审批提交流程测试 自动审批通过时显示成功提示","status":"passed","title":"自动审批通过时显示成功提示","duration":16.8445999999999,"failureMessages":[],"meta":{},"tags":[]}],"startTime":1774935948192,"endTime":1774935948470.8445,"status":"passed","message":"","name":"C:/Users/Fei/Desktop/AI应用/nexus-ai-command/src/__tests__/components/approval-submit.test.tsx"},{"assertionResults":[{"ancestorTitles":["DynamicFormRenderer","字段类型渲染"],"fullName":"DynamicFormRenderer 字段类型渲染 渲染 text 字段","status":"passed","title":"渲染 text 字段","duration":20.027700000000095,"failureMessages":[],"meta":{},"tags":[]},{"ancestorTitles":["DynamicFormRenderer","字段类型渲染"],"fullName":"DynamicFormRenderer 字段类型渲染 渲染 number 字段","status":"passed","title":"渲染 number 字段","duration":2.5267000000003463,"failureMessages":[],"meta":{},"tags":[]},{"ancestorTitles":["DynamicFormRenderer","字段类型渲染"],"fullName":"DynamicFormRenderer 字段类型渲染 渲染 textarea 字段","status":"passed","title":"渲染 textarea 字段","duration":2.1480999999998858,"failureMessages":[],"meta":{},"tags":[]},{"ancestorTitles":["DynamicFormRenderer","字段类型渲染"],"fullName":"DynamicFormRenderer 字段类型渲染 渲染 date 字段","status":"passed","title":"渲染 date 字段","duration":1.5692000000003645,"failureMessages":[],"meta":{},"tags":[]},{"ancestorTitles":["DynamicFormRenderer","字段类型渲染"],"fullName":"DynamicFormRenderer 字段类型渲染 渲染 select 字段及选项","status":"passed","title":"渲染 select 字段及选项","duration":18.61060000000043,"failureMessages":[],"meta":{},"tags":[]},{"ancestorTitles":["DynamicFormRenderer","字段类型渲染"],"fullName":"DynamicFormRenderer 字段类型渲染 渲染 multiselect 字段","status":"passed","title":"渲染 multiselect 字段","duration":7.002400000000307,"failureMessages":[],"meta":{},"tags":[]},{"ancestorTitles":["DynamicFormRenderer","字段类型渲染"],"fullName":"DynamicFormRenderer 字段类型渲染 渲染空字段列表时显示提示","status":"passed","title":"渲染空字段列表时显示提示","duration":0.9216000000001259,"failureMessages":[],"meta":{},"tags":[]},{"ancestorTitles":["DynamicFormRenderer","readOnly 模式"],"fullName":"DynamicFormRenderer readOnly 模式 文本字段只读时显示值","status":"passed","title":"文本字段只读时显示值","duration":1.7613999999998668,"failureMessages":[],"meta":{},"tags":[]},{"ancestorTitles":["DynamicFormRenderer","readOnly 模式"],"fullName":"DynamicFormRenderer readOnly 模式 空值只读时显示\"未填写\"","status":"passed","title":"空值只读时显示\"未填写\"","duration":1.0208999999999833,"failureMessages":[],"meta":{},"tags":[]},{"ancestorTitles":["DynamicFormRenderer","readOnly 模式"],"fullName":"DynamicFormRenderer readOnly 模式 数字字段只读时显示数字值","status":"passed","title":"数字字段只读时显示数字值","duration":1.1336999999998625,"failureMessages":[],"meta":{},"tags":[]},{"ancestorTitles":["DynamicFormRenderer","required 字段标记"],"fullName":"DynamicFormRenderer required 字段标记 必填字段显示红色星号","status":"passed","title":"必填字段显示红色星号","duration":0.9659999999998945,"failureMessages":[],"meta":{},"tags":[]},{"ancestorTitles":["DynamicFormRenderer","required 字段标记"],"fullName":"DynamicFormRenderer required 字段标记 非必填字段不显示星号","status":"passed","title":"非必填字段不显示星号","duration":0.8416999999999462,"failureMessages":[],"meta":{},"tags":[]},{"ancestorTitles":["DynamicFormRenderer","onChange 回调"],"fullName":"DynamicFormRenderer onChange 回调 text 字段输入触发 onChange","status":"passed","title":"text 字段输入触发 onChange","duration":3.396900000000187,"failureMessages":[],"meta":{},"tags":[]},{"ancestorTitles":["DynamicFormRenderer","onChange 回调"],"fullName":"DynamicFormRenderer onChange 回调 number 字段输入触发 onChange","status":"passed","title":"number 字段输入触发 onChange","duration":1.2883999999999105,"failureMessages":[],"meta":{},"tags":[]},{"ancestorTitles":["DynamicFormRenderer","onChange 回调"],"fullName":"DynamicFormRenderer onChange 回调 textarea 字段输入触发 onChange","status":"passed","title":"textarea 字段输入触发 onChange","duration":1.260599999999613,"failureMessages":[],"meta":{},"tags":[]},{"ancestorTitles":["DynamicFormRenderer","onChange 回调"],"fullName":"DynamicFormRenderer onChange 回调 multiselect 字段点击触发 onChange","status":"passed","title":"multiselect 字段点击触发 onChange","duration":3.975500000000011,"failureMessages":[],"meta":{},"tags":[]},{"ancestorTitles":["DynamicFormRenderer","description 帮助文本"],"fullName":"DynamicFormRenderer description 帮助文本 渲染字段描述","status":"passed","title":"渲染字段描述","duration":1.1443999999996777,"failureMessages":[],"meta":{},"tags":[]}],"startTime":1774935948531,"endTime":1774935948601.1443,"status":"passed","message":"","name":"C:/Users/Fei/Desktop/AI应用/nexus-ai-command/src/__tests__/components/DynamicFormRenderer.test.tsx"},{"assertionResults":[{"ancestorTitles":["ErrorBoundary (组件异常阻断测试)"],"fullName":"ErrorBoundary (组件异常阻断测试) 如果子组件正常，应当正常渲染它的子组件","status":"passed","title":"如果子组件正常，应当正常渲染它的子组件","duration":13.684600000000046,"failureMessages":[],"meta":{},"tags":[]},{"ancestorTitles":["ErrorBoundary (组件异常阻断测试)"],"fullName":"ErrorBoundary (组件异常阻断测试) 如果子组件发生崩溃(如 map is not a function)，边界应该接管渲染兜底UI，而不是全体白屏","status":"passed","title":"如果子组件发生崩溃(如 map is not a function)，边界应该接管渲染兜底UI，而不是全体白屏","duration":14.885899999999992,"failureMessages":[],"meta":{},"tags":[]},{"ancestorTitles":["ErrorBoundary (组件异常阻断测试)"],"fullName":"ErrorBoundary (组件异常阻断测试) 错误边界应能捕获异常并调用上报逻辑（如有需要），能够恢复正常的渲染","status":"passed","title":"错误边界应能捕获异常并调用上报逻辑（如有需要），能够恢复正常的渲染","duration":5.78430000000003,"failureMessages":[],"meta":{},"tags":[]}],"startTime":1774935948281,"endTime":1774935948315.7842,"status":"passed","message":"","name":"C:/Users/Fei/Desktop/AI应用/nexus-ai-command/src/__tests__/components/ErrorBoundary.test.tsx"},{"assertionResults":[{"ancestorTitles":["InstallPrompt"],"fullName":"InstallPrompt 初始状态不可见（需要等 beforeinstallprompt 事件）","status":"passed","title":"初始状态不可见（需要等 beforeinstallprompt 事件）","duration":218.51109999999971,"failureMessages":[],"meta":{},"tags":[]},{"ancestorTitles":["InstallPrompt"],"fullName":"InstallPrompt beforeinstallprompt 事件触发后显示安装提示","status":"passed","title":"beforeinstallprompt 事件触发后显示安装提示","duration":15.56439999999975,"failureMessages":[],"meta":{},"tags":[]},{"ancestorTitles":["InstallPrompt"],"fullName":"InstallPrompt 关闭后在 localStorage 标记已处理","status":"passed","title":"关闭后在 localStorage 标记已处理","duration":6.082899999999881,"failureMessages":[],"meta":{},"tags":[]},{"ancestorTitles":["InstallPrompt"],"fullName":"InstallPrompt 已被 dismissed 后不再显示","status":"passed","title":"已被 dismissed 后不再显示","duration":0.9634000000000924,"failureMessages":[],"meta":{},"tags":[]}],"startTime":1774935948189,"endTime":1774935948429.9634,"status":"passed","message":"","name":"C:/Users/Fei/Desktop/AI应用/nexus-ai-command/src/__tests__/components/InstallPrompt.test.tsx"},{"assertionResults":[{"ancestorTitles":["ModuleErrorBoundary"],"fullName":"ModuleErrorBoundary should render children when no error","status":"passed","title":"should render children when no error","duration":45.14690000000019,"failureMessages":[],"meta":{},"tags":[]},{"ancestorTitles":["ModuleErrorBoundary"],"fullName":"ModuleErrorBoundary should show error card with module name when child crashes","status":"passed","title":"should show error card with module name when child crashes","duration":10.945799999999963,"failureMessages":[],"meta":{},"tags":[]},{"ancestorTitles":["ModuleErrorBoundary"],"fullName":"ModuleErrorBoundary should render custom fallback when provided","status":"passed","title":"should render custom fallback when provided","duration":2.860300000000052,"failureMessages":[],"meta":{},"tags":[]}],"startTime":1774935948189,"endTime":1774935948247.8604,"status":"passed","message":"","name":"C:/Users/Fei/Desktop/AI应用/nexus-ai-command/src/__tests__/components/ModuleErrorBoundary.test.tsx"},{"assertionResults":[{"ancestorTitles":["工作流设计器画布测试"],"fullName":"工作流设计器画布测试 渲染画布和基本控件","status":"failed","title":"渲染画布和基本控件","duration":123.60379999999986,"failureMessages":["Error: [vitest] No \"useReactFlow\" export is defined on the \"@xyflow/react\" mock. Did you forget to return it from \"vi.mock\"?\nIf you need to partially mock a module, you can use \"importOriginal\" helper inside:\n\n    at VitestMocker.createError (file:///C:/Users/Fei/Desktop/AI%E5%BA%94%E7%94%A8/nexus-ai-command/node_modules/vitest/dist/chunks/startVitestModuleRunner.C3ZR-4J3.js:62:17)\n    at Object.useReactFlow [as get] (file:///C:/Users/Fei/Desktop/AI%E5%BA%94%E7%94%A8/nexus-ai-command/node_modules/vitest/dist/chunks/startVitestModuleRunner.C3ZR-4J3.js:310:16)\n    at WorkflowCanvas (C:/Users/Fei/Desktop/AI应用/nexus-ai-command/src/components/workflow/WorkflowCanvas.tsx:196:38)\n    at renderWithHooks (C:\\Users\\Fei\\Desktop\\AI应用\\nexus-ai-command\\node_modules\\react-dom\\cjs\\react-dom.development.js:15486:18)\n    at updateForwardRef (C:\\Users\\Fei\\Desktop\\AI应用\\nexus-ai-command\\node_modules\\react-dom\\cjs\\react-dom.development.js:19245:20)\n    at beginWork (C:\\Users\\Fei\\Desktop\\AI应用\\nexus-ai-command\\node_modules\\react-dom\\cjs\\react-dom.development.js:21675:16)\n    at beginWork$1 (C:\\Users\\Fei\\Desktop\\AI应用\\nexus-ai-command\\node_modules\\react-dom\\cjs\\react-dom.development.js:27465:14)\n    at performUnitOfWork (C:\\Users\\Fei\\Desktop\\AI应用\\nexus-ai-command\\node_modules\\react-dom\\cjs\\react-dom.development.js:26599:12)\n    at workLoopSync (C:\\Users\\Fei\\Desktop\\AI应用\\nexus-ai-command\\node_modules\\react-dom\\cjs\\react-dom.development.js:26505:5)\n    at renderRootSync (C:\\Users\\Fei\\Desktop\\AI应用\\nexus-ai-command\\node_modules\\react-dom\\cjs\\react-dom.development.js:26473:7)"],"meta":{},"tags":[]},{"ancestorTitles":["工作流设计器画布测试"],"fullName":"工作流设计器画布测试 初始无节点时画布为空","status":"failed","title":"初始无节点时画布为空","duration":3.2654999999999745,"failureMessages":["Error: [vitest] No \"useReactFlow\" export is defined on the \"@xyflow/react\" mock. Did you forget to return it from \"vi.mock\"?\nIf you need to partially mock a module, you can use \"importOriginal\" helper inside:\n\n    at VitestMocker.createError (file:///C:/Users/Fei/Desktop/AI%E5%BA%94%E7%94%A8/nexus-ai-command/node_modules/vitest/dist/chunks/startVitestModuleRunner.C3ZR-4J3.js:62:17)\n    at Object.useReactFlow [as get] (file:///C:/Users/Fei/Desktop/AI%E5%BA%94%E7%94%A8/nexus-ai-command/node_modules/vitest/dist/chunks/startVitestModuleRunner.C3ZR-4J3.js:310:16)\n    at WorkflowCanvas (C:/Users/Fei/Desktop/AI应用/nexus-ai-command/src/components/workflow/WorkflowCanvas.tsx:196:38)\n    at renderWithHooks (C:\\Users\\Fei\\Desktop\\AI应用\\nexus-ai-command\\node_modules\\react-dom\\cjs\\react-dom.development.js:15486:18)\n    at updateForwardRef (C:\\Users\\Fei\\Desktop\\AI应用\\nexus-ai-command\\node_modules\\react-dom\\cjs\\react-dom.development.js:19245:20)\n    at beginWork (C:\\Users\\Fei\\Desktop\\AI应用\\nexus-ai-command\\node_modules\\react-dom\\cjs\\react-dom.development.js:21675:16)\n    at beginWork$1 (C:\\Users\\Fei\\Desktop\\AI应用\\nexus-ai-command\\node_modules\\react-dom\\cjs\\react-dom.development.js:27465:14)\n    at performUnitOfWork (C:\\Users\\Fei\\Desktop\\AI应用\\nexus-ai-command\\node_modules\\react-dom\\cjs\\react-dom.development.js:26599:12)\n    at workLoopSync (C:\\Users\\Fei\\Desktop\\AI应用\\nexus-ai-command\\node_modules\\react-dom\\cjs\\react-dom.development.js:26505:5)\n    at renderRootSync (C:\\Users\\Fei\\Desktop\\AI应用\\nexus-ai-command\\node_modules\\react-dom\\cjs\\react-dom.development.js:26473:7)"],"meta":{},"tags":[]},{"ancestorTitles":["工作流设计器画布测试"],"fullName":"工作流设计器画布测试 通过 ref.loadWorkflowData 加载节点","status":"failed","title":"通过 ref.loadWorkflowData 加载节点","duration":3.060699999999997,"failureMessages":["Error: [vitest] No \"useReactFlow\" export is defined on the \"@xyflow/react\" mock. Did you forget to return it from \"vi.mock\"?\nIf you need to partially mock a module, you can use \"importOriginal\" helper inside:\n\n    at VitestMocker.createError (file:///C:/Users/Fei/Desktop/AI%E5%BA%94%E7%94%A8/nexus-ai-command/node_modules/vitest/dist/chunks/startVitestModuleRunner.C3ZR-4J3.js:62:17)\n    at Object.useReactFlow [as get] (file:///C:/Users/Fei/Desktop/AI%E5%BA%94%E7%94%A8/nexus-ai-command/node_modules/vitest/dist/chunks/startVitestModuleRunner.C3ZR-4J3.js:310:16)\n    at WorkflowCanvas (C:/Users/Fei/Desktop/AI应用/nexus-ai-command/src/components/workflow/WorkflowCanvas.tsx:196:38)\n    at renderWithHooks (C:\\Users\\Fei\\Desktop\\AI应用\\nexus-ai-command\\node_modules\\react-dom\\cjs\\react-dom.development.js:15486:18)\n    at updateForwardRef (C:\\Users\\Fei\\Desktop\\AI应用\\nexus-ai-command\\node_modules\\react-dom\\cjs\\react-dom.development.js:19245:20)\n    at beginWork (C:\\Users\\Fei\\Desktop\\AI应用\\nexus-ai-command\\node_modules\\react-dom\\cjs\\react-dom.development.js:21675:16)\n    at beginWork$1 (C:\\Users\\Fei\\Desktop\\AI应用\\nexus-ai-command\\node_modules\\react-dom\\cjs\\react-dom.development.js:27465:14)\n    at performUnitOfWork (C:\\Users\\Fei\\Desktop\\AI应用\\nexus-ai-command\\node_modules\\react-dom\\cjs\\react-dom.development.js:26599:12)\n    at workLoopSync (C:\\Users\\Fei\\Desktop\\AI应用\\nexus-ai-command\\node_modules\\react-dom\\cjs\\react-dom.development.js:26505:5)\n    at renderRootSync (C:\\Users\\Fei\\Desktop\\AI应用\\nexus-ai-command\\node_modules\\react-dom\\cjs\\react-dom.development.js:26473:7)"],"meta":{},"tags":[]},{"ancestorTitles":["工作流设计器画布测试"],"fullName":"工作流设计器画布测试 注册了所有自定义节点类型","status":"failed","title":"注册了所有自定义节点类型","duration":2.9312999999999647,"failureMessages":["Error: [vitest] No \"useReactFlow\" export is defined on the \"@xyflow/react\" mock. Did you forget to return it from \"vi.mock\"?\nIf you need to partially mock a module, you can use \"importOriginal\" helper inside:\n\n    at VitestMocker.createError (file:///C:/Users/Fei/Desktop/AI%E5%BA%94%E7%94%A8/nexus-ai-command/node_modules/vitest/dist/chunks/startVitestModuleRunner.C3ZR-4J3.js:62:17)\n    at Object.useReactFlow [as get] (file:///C:/Users/Fei/Desktop/AI%E5%BA%94%E7%94%A8/nexus-ai-command/node_modules/vitest/dist/chunks/startVitestModuleRunner.C3ZR-4J3.js:310:16)\n    at WorkflowCanvas (C:/Users/Fei/Desktop/AI应用/nexus-ai-command/src/components/workflow/WorkflowCanvas.tsx:196:38)\n    at renderWithHooks (C:\\Users\\Fei\\Desktop\\AI应用\\nexus-ai-command\\node_modules\\react-dom\\cjs\\react-dom.development.js:15486:18)\n    at updateForwardRef (C:\\Users\\Fei\\Desktop\\AI应用\\nexus-ai-command\\node_modules\\react-dom\\cjs\\react-dom.development.js:19245:20)\n    at beginWork (C:\\Users\\Fei\\Desktop\\AI应用\\nexus-ai-command\\node_modules\\react-dom\\cjs\\react-dom.development.js:21675:16)\n    at beginWork$1 (C:\\Users\\Fei\\Desktop\\AI应用\\nexus-ai-command\\node_modules\\react-dom\\cjs\\react-dom.development.js:27465:14)\n    at performUnitOfWork (C:\\Users\\Fei\\Desktop\\AI应用\\nexus-ai-command\\node_modules\\react-dom\\cjs\\react-dom.development.js:26599:12)\n    at workLoopSync (C:\\Users\\Fei\\Desktop\\AI应用\\nexus-ai-command\\node_modules\\react-dom\\cjs\\react-dom.development.js:26505:5)\n    at renderRootSync (C:\\Users\\Fei\\Desktop\\AI应用\\nexus-ai-command\\node_modules\\react-dom\\cjs\\react-dom.development.js:26473:7)"],"meta":{},"tags":[]}],"startTime":1774935948119,"endTime":1774935948251.9314,"status":"failed","message":"","name":"C:/Users/Fei/Desktop/AI应用/nexus-ai-command/src/__tests__/components/workflow-designer.test.tsx"},{"assertionResults":[{"ancestorTitles":["SSE 流解析测试"],"fullName":"SSE 流解析测试 解析普通内容增量","status":"passed","title":"解析普通内容增量","duration":2.464200000000119,"failureMessages":[],"meta":{},"tags":[]},{"ancestorTitles":["SSE 流解析测试"],"fullName":"SSE 流解析测试 解析 thinking_step 事件","status":"passed","title":"解析 thinking_step 事件","duration":0.6188999999999396,"failureMessages":[],"meta":{},"tags":[]},{"ancestorTitles":["SSE 流解析测试"],"fullName":"SSE 流解析测试 解析 status 事件","status":"passed","title":"解析 status 事件","duration":0.26729999999997744,"failureMessages":[],"meta":{},"tags":[]},{"ancestorTitles":["SSE 流解析测试"],"fullName":"SSE 流解析测试 解析 confirmation_required 事件 (HITL)","status":"passed","title":"解析 confirmation_required 事件 (HITL)","duration":0.35639999999989413,"failureMessages":[],"meta":{},"tags":[]},{"ancestorTitles":["SSE 流解析测试"],"fullName":"SSE 流解析测试 解析 sanitized_content 事件","status":"passed","title":"解析 sanitized_content 事件","duration":0.32529999999997017,"failureMessages":[],"meta":{},"tags":[]},{"ancestorTitles":["SSE 流解析测试"],"fullName":"SSE 流解析测试 忽略注释行和空行","status":"passed","title":"忽略注释行和空行","duration":0.2798000000000229,"failureMessages":[],"meta":{},"tags":[]},{"ancestorTitles":["SSE 流解析测试"],"fullName":"SSE 流解析测试 跳过非 data: 开头的行","status":"passed","title":"跳过非 data: 开头的行","duration":0.21969999999987522,"failureMessages":[],"meta":{},"tags":[]},{"ancestorTitles":["SSE 流解析测试"],"fullName":"SSE 流解析测试 处理无 content 的 delta 事件","status":"passed","title":"处理无 content 的 delta 事件","duration":0.19650000000001455,"failureMessages":[],"meta":{},"tags":[]},{"ancestorTitles":["SSE 流解析测试"],"fullName":"SSE 流解析测试 累积内容增量还原完整消息","status":"passed","title":"累积内容增量还原完整消息","duration":0.1954000000000633,"failureMessages":[],"meta":{},"tags":[]}],"startTime":1774935948055,"endTime":1774935948060.1953,"status":"passed","message":"","name":"C:/Users/Fei/Desktop/AI应用/nexus-ai-command/src/__tests__/hooks/sse-stream.test.ts"},{"assertionResults":[{"ancestorTitles":["useAIStream"],"fullName":"useAIStream 初始状态：isTyping=false, aiStatus=undefined, thinkingSteps 为空","status":"passed","title":"初始状态：isTyping=false, aiStatus=undefined, thinkingSteps 为空","duration":42.49409999999989,"failureMessages":[],"meta":{},"tags":[]},{"ancestorTitles":["useAIStream"],"fullName":"useAIStream 返回 streamChat 和 stopStream 函数","status":"passed","title":"返回 streamChat 和 stopStream 函数","duration":1.0469000000000506,"failureMessages":[],"meta":{},"tags":[]},{"ancestorTitles":["useAIStream"],"fullName":"useAIStream 网络断开时抛出错误","status":"passed","title":"网络断开时抛出错误","duration":2.14020000000005,"failureMessages":[],"meta":{},"tags":[]},{"ancestorTitles":["useAIStream"],"fullName":"useAIStream Tier 1a 成功时不触发后续 tier","status":"passed","title":"Tier 1a 成功时不触发后续 tier","duration":4.209600000000137,"failureMessages":[],"meta":{},"tags":[]},{"ancestorTitles":["useAIStream"],"fullName":"useAIStream 三层全部失败时 isTyping 重置为 false","status":"passed","title":"三层全部失败时 isTyping 重置为 false","duration":1010.1624000000002,"failureMessages":[],"meta":{},"tags":[]}],"startTime":1774935948126,"endTime":1774935949186.1624,"status":"passed","message":"","name":"C:/Users/Fei/Desktop/AI应用/nexus-ai-command/src/__tests__/hooks/useAIStream.test.ts"},{"assertionResults":[{"ancestorTitles":["useAuth (AuthContext)"],"fullName":"useAuth (AuthContext) 初始状态 loading=true","status":"passed","title":"初始状态 loading=true","duration":48.10259999999994,"failureMessages":[],"meta":{},"tags":[]},{"ancestorTitles":["useAuth (AuthContext)"],"fullName":"useAuth (AuthContext) 无 session 时角色解析为 null，loading=false","status":"passed","title":"无 session 时角色解析为 null，loading=false","duration":68.16000000000008,"failureMessages":[],"meta":{},"tags":[]},{"ancestorTitles":["useAuth (AuthContext)"],"fullName":"useAuth (AuthContext) 通过 get_user_role RPC 解析角色","status":"passed","title":"通过 get_user_role RPC 解析角色","duration":54.952999999999975,"failureMessages":[],"meta":{},"tags":[]},{"ancestorTitles":["useAuth (AuthContext)"],"fullName":"useAuth (AuthContext) RPC 返回 null 且 profile 无角色时，回退到 employee","status":"passed","title":"RPC 返回 null 且 profile 无角色时，回退到 employee","duration":76.0607,"failureMessages":[],"meta":{},"tags":[]},{"ancestorTitles":["useAuth (AuthContext)"],"fullName":"useAuth (AuthContext) RPC 返回 null 时，从 profile.role=founder 解析为 boss","status":"passed","title":"RPC 返回 null 时，从 profile.role=founder 解析为 boss","duration":71.97960000000012,"failureMessages":[],"meta":{},"tags":[]}],"startTime":1774935948128,"endTime":1774935948446.9795,"status":"passed","message":"","name":"C:/Users/Fei/Desktop/AI应用/nexus-ai-command/src/__tests__/hooks/useAuth.test.tsx"},{"assertionResults":[{"ancestorTitles":["useConfirmDialog"],"fullName":"useConfirmDialog should initialize with closed state","status":"passed","title":"should initialize with closed state","duration":7.522099999999909,"failureMessages":[],"meta":{},"tags":[]},{"ancestorTitles":["useConfirmDialog"],"fullName":"useConfirmDialog should open dialog on confirm call","status":"passed","title":"should open dialog on confirm call","duration":1.5021999999999025,"failureMessages":[],"meta":{},"tags":[]},{"ancestorTitles":["useConfirmDialog"],"fullName":"useConfirmDialog should resolve true on confirm","status":"passed","title":"should resolve true on confirm","duration":59.875,"failureMessages":[],"meta":{},"tags":[]},{"ancestorTitles":["useConfirmDialog"],"fullName":"useConfirmDialog should resolve false on cancel","status":"passed","title":"should resolve false on cancel","duration":57.924400000000105,"failureMessages":[],"meta":{},"tags":[]},{"ancestorTitles":["useConfirmDialog"],"fullName":"useConfirmDialog should use default text values","status":"passed","title":"should use default text values","duration":1.1980999999998403,"failureMessages":[],"meta":{},"tags":[]},{"ancestorTitles":["useConfirmDialog"],"fullName":"useConfirmDialog should use custom text values","status":"passed","title":"should use custom text values","duration":0.7701999999999316,"failureMessages":[],"meta":{},"tags":[]}],"startTime":1774935948188,"endTime":1774935948316.7703,"status":"passed","message":"","name":"C:/Users/Fei/Desktop/AI应用/nexus-ai-command/src/__tests__/hooks/useConfirmDialog.test.ts"},{"assertionResults":[{"ancestorTitles":["useFormSchemas"],"fullName":"useFormSchemas 成功获取表单 schema 列表","status":"passed","title":"成功获取表单 schema 列表","duration":126.31459999999993,"failureMessages":[],"meta":{},"tags":[]},{"ancestorTitles":["useFormSchemas"],"fullName":"useFormSchemas API 调用失败时返回错误","status":"passed","title":"API 调用失败时返回错误","duration":79.62599999999998,"failureMessages":[],"meta":{},"tags":[]},{"ancestorTitles":["useFormSchemas"],"fullName":"useFormSchemas useFormSchema 使用正确 ID 请求","status":"passed","title":"useFormSchema 使用正确 ID 请求","duration":71.85749999999985,"failureMessages":[],"meta":{},"tags":[]},{"ancestorTitles":["useFormSchemas"],"fullName":"useFormSchemas useFormSchemaByType 使用审批类型请求","status":"passed","title":"useFormSchemaByType 使用审批类型请求","duration":78.89319999999998,"failureMessages":[],"meta":{},"tags":[]}],"startTime":1774935948155,"endTime":1774935948511.8933,"status":"passed","message":"","name":"C:/Users/Fei/Desktop/AI应用/nexus-ai-command/src/__tests__/hooks/useFormSchemas.test.ts"},{"assertionResults":[{"ancestorTitles":["useOfflineQueue"],"fullName":"useOfflineQueue 初始化时调用 init 并获取 count","status":"passed","title":"初始化时调用 init 并获取 count","duration":83.81539999999995,"failureMessages":[],"meta":{},"tags":[]},{"ancestorTitles":["useOfflineQueue"],"fullName":"useOfflineQueue isOnline 反映 navigator.onLine 状态","status":"passed","title":"isOnline 反映 navigator.onLine 状态","duration":1.603800000000092,"failureMessages":[],"meta":{},"tags":[]},{"ancestorTitles":["useOfflineQueue"],"fullName":"useOfflineQueue enqueue 调用 offlineQueue.enqueue 并刷新计数","status":"passed","title":"enqueue 调用 offlineQueue.enqueue 并刷新计数","duration":62.81169999999997,"failureMessages":[],"meta":{},"tags":[]},{"ancestorTitles":["useOfflineQueue"],"fullName":"useOfflineQueue replay 调用 offlineQueue.replay","status":"passed","title":"replay 调用 offlineQueue.replay","duration":56.62440000000015,"failureMessages":[],"meta":{},"tags":[]},{"ancestorTitles":["useOfflineQueue"],"fullName":"useOfflineQueue 网络恢复时自动重放队列","status":"passed","title":"网络恢复时自动重放队列","duration":169.1975,"failureMessages":[],"meta":{},"tags":[]}],"startTime":1774935948111,"endTime":1774935948485.1975,"status":"passed","message":"","name":"C:/Users/Fei/Desktop/AI应用/nexus-ai-command/src/__tests__/hooks/useOfflineQueue.test.ts"},{"assertionResults":[{"ancestorTitles":["usePermission"],"fullName":"usePermission invalidatePermissionCache 应清除缓存且不抛异常","status":"passed","title":"invalidatePermissionCache 应清除缓存且不抛异常","duration":46.65280000000007,"failureMessages":[],"meta":{},"tags":[]},{"ancestorTitles":["usePermission"],"fullName":"usePermission usePermissions 中 employee 角色 read 应被允许","status":"passed","title":"usePermissions 中 employee 角色 read 应被允许","duration":8.399599999999964,"failureMessages":[],"meta":{},"tags":[]},{"ancestorTitles":["usePermission"],"fullName":"usePermission usePermissions 中 employee 角色 write chat/documents 应被允许","status":"passed","title":"usePermissions 中 employee 角色 write chat/documents 应被允许","duration":2.197300000000041,"failureMessages":[],"meta":{},"tags":[]},{"ancestorTitles":["usePermission"],"fullName":"usePermission usePermissions 中 boss 角色应全部允许","status":"passed","title":"usePermissions 中 boss 角色应全部允许","duration":12.208499999999958,"failureMessages":[],"meta":{},"tags":[]},{"ancestorTitles":["usePermission"],"fullName":"usePermission usePermissions 中 employee 角色 delete 应被拒绝","status":"passed","title":"usePermissions 中 employee 角色 delete 应被拒绝","duration":4.227300000000014,"failureMessages":[],"meta":{},"tags":[]},{"ancestorTitles":["usePermission"],"fullName":"usePermission usePermissions 中 manager 角色 system 应被拒绝但 projects 允许","status":"passed","title":"usePermissions 中 manager 角色 system 应被拒绝但 projects 允许","duration":8.113299999999981,"failureMessages":[],"meta":{},"tags":[]},{"ancestorTitles":["usePermission"],"fullName":"usePermission usePermissions 空 checks 应立即返回 loading=false","status":"passed","title":"usePermissions 空 checks 应立即返回 loading=false","duration":14.571699999999964,"failureMessages":[],"meta":{},"tags":[]}],"startTime":1774935948175,"endTime":1774935948271.5718,"status":"passed","message":"","name":"C:/Users/Fei/Desktop/AI应用/nexus-ai-command/src/__tests__/hooks/usePermission.test.ts"},{"assertionResults":[{"ancestorTitles":["useWorkflows"],"fullName":"useWorkflows 成功获取工作流列表","status":"passed","title":"成功获取工作流列表","duration":90.5949999999998,"failureMessages":[],"meta":{},"tags":[]},{"ancestorTitles":["useWorkflows"],"fullName":"useWorkflows API 失败时返回错误","status":"passed","title":"API 失败时返回错误","duration":71.39340000000016,"failureMessages":[],"meta":{},"tags":[]},{"ancestorTitles":["useWorkflows"],"fullName":"useWorkflows 请求包含 Authorization header","status":"passed","title":"请求包含 Authorization header","duration":72.63310000000001,"failureMessages":[],"meta":{},"tags":[]},{"ancestorTitles":["useWorkflows"],"fullName":"useWorkflows useWorkflow 使用正确的 ID 获取单个工作流","status":"passed","title":"useWorkflow 使用正确的 ID 获取单个工作流","duration":77.95879999999988,"failureMessages":[],"meta":{},"tags":[]},{"ancestorTitles":["useWorkflows"],"fullName":"useWorkflows useWorkflow 当 id 为空时不发起请求","status":"passed","title":"useWorkflow 当 id 为空时不发起请求","duration":1.117699999999786,"failureMessages":[],"meta":{},"tags":[]}],"startTime":1774935948226,"endTime":1774935948540.1177,"status":"passed","message":"","name":"C:/Users/Fei/Desktop/AI应用/nexus-ai-command/src/__tests__/hooks/useWorkflows.test.ts"},{"assertionResults":[{"ancestorTitles":["UserContext"],"fullName":"UserContext 应从 AuthContext 同步 profile 数据","status":"passed","title":"应从 AuthContext 同步 profile 数据","duration":11.32490000000007,"failureMessages":[],"meta":{},"tags":[]},{"ancestorTitles":["UserContext"],"fullName":"UserContext setRole 应正确切换角色","status":"passed","title":"setRole 应正确切换角色","duration":1.7778999999998177,"failureMessages":[],"meta":{},"tags":[]},{"ancestorTitles":["UserContext"],"fullName":"UserContext addBonus 应正确累加奖金","status":"passed","title":"addBonus 应正确累加奖金","duration":1.8303000000000793,"failureMessages":[],"meta":{},"tags":[]},{"ancestorTitles":["UserContext"],"fullName":"UserContext updateScore 应正确更新分数","status":"passed","title":"updateScore 应正确更新分数","duration":1.2672000000000025,"failureMessages":[],"meta":{},"tags":[]},{"ancestorTitles":["UserContext"],"fullName":"UserContext updateScore 应 clamp 到 0-100 范围 (上限)","status":"passed","title":"updateScore 应 clamp 到 0-100 范围 (上限)","duration":1.1230999999997948,"failureMessages":[],"meta":{},"tags":[]},{"ancestorTitles":["UserContext"],"fullName":"UserContext updateScore 应 clamp 到 0-100 范围 (下限)","status":"passed","title":"updateScore 应 clamp 到 0-100 范围 (下限)","duration":0.7335000000000491,"failureMessages":[],"meta":{},"tags":[]},{"ancestorTitles":["UserContext"],"fullName":"UserContext useUser 在 Provider 外使用应抛出错误","status":"passed","title":"useUser 在 Provider 外使用应抛出错误","duration":9.244899999999916,"failureMessages":[],"meta":{},"tags":[]}],"startTime":1774935948195,"endTime":1774935948222.2449,"status":"passed","message":"","name":"C:/Users/Fei/Desktop/AI应用/nexus-ai-command/src/__tests__/contexts/UserContext.test.tsx"},{"assertionResults":[{"ancestorTitles":["httpClient interceptors","Request Interceptor"],"fullName":"httpClient interceptors Request Interceptor 应该正确注入 Token、Org-ID 和全局标记","status":"passed","title":"应该正确注入 Token、Org-ID 和全局标记","duration":3.5976000000000568,"failureMessages":[],"meta":{},"tags":[]},{"ancestorTitles":["httpClient interceptors","Request Interceptor"],"fullName":"httpClient interceptors Request Interceptor 对于 POST 请求，应该注入 CSRF 和 幂等性 Key","status":"passed","title":"对于 POST 请求，应该注入 CSRF 和 幂等性 Key","duration":2.5845999999999094,"failureMessages":[],"meta":{},"tags":[]},{"ancestorTitles":["httpClient interceptors","Request Interceptor"],"fullName":"httpClient interceptors Request Interceptor 对于 GET 请求，不应该注入 CSRF 和 幂等性 Key","status":"passed","title":"对于 GET 请求，不应该注入 CSRF 和 幂等性 Key","duration":0.8460999999999785,"failureMessages":[],"meta":{},"tags":[]},{"ancestorTitles":["httpClient interceptors","Response Interceptor Error Handling"],"fullName":"httpClient interceptors Response Interceptor Error Handling 遇到 401 应该弹出错误、清除缓存并跳转登录","status":"passed","title":"遇到 401 应该弹出错误、清除缓存并跳转登录","duration":1.1491000000000895,"failureMessages":[],"meta":{},"tags":[]},{"ancestorTitles":["httpClient interceptors","Response Interceptor Error Handling"],"fullName":"httpClient interceptors Response Interceptor Error Handling 遇到 403 应该弹出权限不足错误","status":"passed","title":"遇到 403 应该弹出权限不足错误","duration":0.4136000000000877,"failureMessages":[],"meta":{},"tags":[]},{"ancestorTitles":["httpClient interceptors","Response Interceptor Error Handling"],"fullName":"httpClient interceptors Response Interceptor Error Handling 遇到 429 应该弹流控提示","status":"passed","title":"遇到 429 应该弹流控提示","duration":0.3713999999999942,"failureMessages":[],"meta":{},"tags":[]},{"ancestorTitles":["httpClient interceptors","Response Interceptor Error Handling"],"fullName":"httpClient interceptors Response Interceptor Error Handling 遇到 500 应该弹出服务器内部错误","status":"passed","title":"遇到 500 应该弹出服务器内部错误","duration":0.421100000000024,"failureMessages":[],"meta":{},"tags":[]}],"startTime":1774935948160,"endTime":1774935948169.4211,"status":"passed","message":"","name":"C:/Users/Fei/Desktop/AI应用/nexus-ai-command/src/__tests__/lib/httpClient.test.ts"},{"assertionResults":[{"ancestorTitles":["offlineQueue"],"fullName":"offlineQueue 模块导出 offlineQueue 单例","status":"passed","title":"模块导出 offlineQueue 单例","duration":30.163700000000063,"failureMessages":[],"meta":{},"tags":[]},{"ancestorTitles":["offlineQueue"],"fullName":"offlineQueue QueuedOperation 类型定义正确","status":"passed","title":"QueuedOperation 类型定义正确","duration":0.8009999999999309,"failureMessages":[],"meta":{},"tags":[]},{"ancestorTitles":["offlineQueue"],"fullName":"offlineQueue replay 对失败请求增加 retries","status":"passed","title":"replay 对失败请求增加 retries","duration":0.5461999999999989,"failureMessages":[],"meta":{},"tags":[]},{"ancestorTitles":["offlineQueue"],"fullName":"offlineQueue 模块常量定义正确","status":"passed","title":"模块常量定义正确","duration":1.3029999999998836,"failureMessages":[],"meta":{},"tags":[]}],"startTime":1774935948061,"endTime":1774935948094.303,"status":"passed","message":"","name":"C:/Users/Fei/Desktop/AI应用/nexus-ai-command/src/__tests__/utils/offlineQueue.test.ts"},{"assertionResults":[{"ancestorTitles":["aiClient TraceID"],"fullName":"aiClient TraceID should generate trace IDs with fe- prefix","status":"passed","title":"should generate trace IDs with fe- prefix","duration":1.2092999999999847,"failureMessages":[],"meta":{},"tags":[]},{"ancestorTitles":["aiClient TraceID"],"fullName":"aiClient TraceID should generate unique trace IDs per call","status":"passed","title":"should generate unique trace IDs per call","duration":0.9563999999998032,"failureMessages":[],"meta":{},"tags":[]},{"ancestorTitles":["aiClient TraceID"],"fullName":"aiClient TraceID should share session prefix across calls","status":"passed","title":"should share session prefix across calls","duration":0.32519999999999527,"failureMessages":[],"meta":{},"tags":[]},{"ancestorTitles":["aiClient TraceID"],"fullName":"aiClient TraceID should generate new session prefix after reset","status":"passed","title":"should generate new session prefix after reset","duration":0.2702999999999065,"failureMessages":[],"meta":{},"tags":[]}],"startTime":1774935948154,"endTime":1774935948157.3252,"status":"passed","message":"","name":"C:/Users/Fei/Desktop/AI应用/nexus-ai-command/src/__tests__/utils/traceId.test.ts"}]}